Performing C++ SOURCE FILE Test Support for 64 bit file systems failed with the following output:
Change Dir: D:/ogs/bb/External/vtk/src/vtk-build/CMakeFiles/CMakeTmp

Run Build Command:"C:/Program Files (x86)/MSBuild/14.0/bin/MSBuild.exe" "cmTC_1a094.vcxproj" "/p:Configuration=Debug" "/p:VisualStudioVersion=14.0"
Microsoft (R) 生成引擎版本 14.0.25123.0
版权所有(C) Microsoft Corporation。保留所有权利。

生成启动时间为 2016/4/8 15:15:42。
节点 1 上的项目“D:\ogs\bb\External\vtk\src\vtk-build\CMakeFiles\CMakeTmp\cmTC_1a094.vcxproj”(默认目标)。
PrepareForBuild:
  正在创建目录“cmTC_1a094.dir\Debug\”。
  正在创建目录“D:\ogs\bb\External\vtk\src\vtk-build\CMakeFiles\CMakeTmp\Debug\”。
  正在创建目录“cmTC_1a094.dir\Debug\cmTC_1a094.tlog\”。
InitializeBuildStatus:
  正在创建“cmTC_1a094.dir\Debug\cmTC_1a094.tlog\unsuccessfulbuild”，因为已指定“AlwaysCreate”。
ClCompile:
  C:\Program Files (x86)\Microsoft Visual Studio 14.0\VC\bin\amd64_x86\CL.exe /c /Zi /W3 /WX- /Od /Ob0 /Oy- /D WIN32 /D _WINDOWS /D CMAKE_REQUIRE_LARGE_FILE_SUPPORT /D _DEBUG /D "CMAKE_INTDIR=\"Debug\"" /D _MBCS /Gm- /EHsc /RTC1 /MDd /GS /fp:precise /Zc:wchar_t /Zc:forScope /Zc:inline /GR /Fo"cmTC_1a094.dir\Debug\\" /Fd"cmTC_1a094.dir\Debug\vc140.pdb" /Gd /TP /analyze- /errorReport:queue "D:\ogs\bb\External\vtk\src\vtk-build\CMakeFiles\CMakeTmp\src.cxx"
  用于 x86 的 Microsoft (R) C/C++ 优化编译器 19.00.23918 版
  版权所有(C) Microsoft Corporation。保留所有权利。
  
  cl /c /Zi /W3 /WX- /Od /Ob0 /Oy- /D WIN32 /D _WINDOWS /D CMAKE_REQUIRE_LARGE_FILE_SUPPORT /D _DEBUG /D "CMAKE_INTDIR=\"Debug\"" /D _MBCS /Gm- /EHsc /RTC1 /MDd /GS /fp:precise /Zc:wchar_t /Zc:forScope /Zc:inline /GR /Fo"cmTC_1a094.dir\Debug\\" /Fd"cmTC_1a094.dir\Debug\vc140.pdb" /Gd /TP /analyze- /errorReport:queue "D:\ogs\bb\External\vtk\src\vtk-build\CMakeFiles\CMakeTmp\src.cxx"
  
  src.cxx
D:\ogs\bb\External\vtk\src\vtk-build\CMakeFiles\CMakeTmp\src.cxx(13): warning C4293: “<<”: Shift 计数为负或过大，其行为未定义 [D:\ogs\bb\External\vtk\src\vtk-build\CMakeFiles\CMakeTmp\cmTC_1a094.vcxproj]
D:\ogs\bb\External\vtk\src\vtk-build\CMakeFiles\CMakeTmp\src.cxx(19): error C3861: “S_ISREG”: 找不到标识符 [D:\ogs\bb\External\vtk\src\vtk-build\CMakeFiles\CMakeTmp\cmTC_1a094.vcxproj]
D:\ogs\bb\External\vtk\src\vtk-build\CMakeFiles\CMakeTmp\src.cxx(23): error C3861: “ftello”: 找不到标识符 [D:\ogs\bb\External\vtk\src\vtk-build\CMakeFiles\CMakeTmp\cmTC_1a094.vcxproj]
D:\ogs\bb\External\vtk\src\vtk-build\CMakeFiles\CMakeTmp\src.cxx(22): warning C4996: 'fopen': This function or variable may be unsafe. Consider using fopen_s instead. To disable deprecation, use _CRT_SECURE_NO_WARNINGS. See online help for details. [D:\ogs\bb\External\vtk\src\vtk-build\CMakeFiles\CMakeTmp\cmTC_1a094.vcxproj]
  C:\Program Files (x86)\Windows Kits\10\Include\10.0.10586.0\ucrt\stdio.h(205): note: 参见“fopen”的声明
已完成生成项目“D:\ogs\bb\External\vtk\src\vtk-build\CMakeFiles\CMakeTmp\cmTC_1a094.vcxproj”(默认目标)的操作 - 失败。

生成失败。

“D:\ogs\bb\External\vtk\src\vtk-build\CMakeFiles\CMakeTmp\cmTC_1a094.vcxproj”(默认目标) (1) ->
(ClCompile 目标) -> 
  D:\ogs\bb\External\vtk\src\vtk-build\CMakeFiles\CMakeTmp\src.cxx(13): warning C4293: “<<”: Shift 计数为负或过大，其行为未定义 [D:\ogs\bb\External\vtk\src\vtk-build\CMakeFiles\CMakeTmp\cmTC_1a094.vcxproj]
  D:\ogs\bb\External\vtk\src\vtk-build\CMakeFiles\CMakeTmp\src.cxx(22): warning C4996: 'fopen': This function or variable may be unsafe. Consider using fopen_s instead. To disable deprecation, use _CRT_SECURE_NO_WARNINGS. See online help for details. [D:\ogs\bb\External\vtk\src\vtk-build\CMakeFiles\CMakeTmp\cmTC_1a094.vcxproj]


“D:\ogs\bb\External\vtk\src\vtk-build\CMakeFiles\CMakeTmp\cmTC_1a094.vcxproj”(默认目标) (1) ->
(ClCompile 目标) -> 
  D:\ogs\bb\External\vtk\src\vtk-build\CMakeFiles\CMakeTmp\src.cxx(19): error C3861: “S_ISREG”: 找不到标识符 [D:\ogs\bb\External\vtk\src\vtk-build\CMakeFiles\CMakeTmp\cmTC_1a094.vcxproj]
  D:\ogs\bb\External\vtk\src\vtk-build\CMakeFiles\CMakeTmp\src.cxx(23): error C3861: “ftello”: 找不到标识符 [D:\ogs\bb\External\vtk\src\vtk-build\CMakeFiles\CMakeTmp\cmTC_1a094.vcxproj]

    2 个警告
    2 个错误

已用时间 00:00:01.45

Source file was:
#define _LARGEFILE_SOURCE
#define _LARGE_FILES
#define _FILE_OFFSET_BITS 64
#include <sys/types.h>
#include <sys/stat.h>
#include <cassert>
#include <stdio.h>

int main( int, char **argv )
{
  // check that off_t can hold 2^63 - 1 and perform basic operations...
#define OFF_T_64 (((off_t) 1 << 62) - 1 + ((off_t) 1 << 62))
  if (OFF_T_64 % 2147483647 != 1)
    return 1;

  // stat breaks on SCO OpenServer
  struct stat buf;
  stat( argv[0], &buf );
  if (!S_ISREG(buf.st_mode))
    return 2;

  FILE *file = fopen( argv[0], "r" );
  off_t offset = ftello( file );
  fseek( file, offset, SEEK_CUR );
  fclose( file );
  return 0;
}

Determining if the system is big endian passed with the following output:
Change Dir: D:/ogs/bb/External/vtk/src/vtk-build/CMakeFiles/CMakeTmp

Run Build Command:"C:/Program Files (x86)/MSBuild/14.0/bin/MSBuild.exe" "cmTC_b7fc4.vcxproj" "/p:Configuration=Debug" "/p:VisualStudioVersion=14.0"
Microsoft (R) 生成引擎版本 14.0.25123.0
版权所有(C) Microsoft Corporation。保留所有权利。

生成启动时间为 2016/4/8 15:15:57。
节点 1 上的项目“D:\ogs\bb\External\vtk\src\vtk-build\CMakeFiles\CMakeTmp\cmTC_b7fc4.vcxproj”(默认目标)。
PrepareForBuild:
  正在创建目录“cmTC_b7fc4.dir\Debug\”。
  正在创建目录“D:\ogs\bb\External\vtk\src\vtk-build\CMakeFiles\CMakeTmp\Debug\”。
  正在创建目录“cmTC_b7fc4.dir\Debug\cmTC_b7fc4.tlog\”。
InitializeBuildStatus:
  正在创建“cmTC_b7fc4.dir\Debug\cmTC_b7fc4.tlog\unsuccessfulbuild”，因为已指定“AlwaysCreate”。
ClCompile:
  C:\Program Files (x86)\Microsoft Visual Studio 14.0\VC\bin\amd64_x86\CL.exe /c /Zi /W3 /WX- /Od /Ob0 /Oy- /D WIN32 /D _WINDOWS /D _DEBUG /D "CMAKE_INTDIR=\"Debug\"" /D _MBCS /Gm- /RTC1 /MDd /GS /fp:precise /Zc:wchar_t /Zc:forScope /Zc:inline /Fo"cmTC_b7fc4.dir\Debug\\" /Fd"cmTC_b7fc4.dir\Debug\vc140.pdb" /Gd /TC /analyze- /errorReport:queue "D:\ogs\bb\External\vtk\src\vtk-build\CMakeFiles\CMakeTmp\TestEndianess.c"
  用于 x86 的 Microsoft (R) C/C++ 优化编译器 19.00.23918 版
  版权所有(C) Microsoft Corporation。保留所有权利。
  
  cl /c /Zi /W3 /WX- /Od /Ob0 /Oy- /D WIN32 /D _WINDOWS /D _DEBUG /D "CMAKE_INTDIR=\"Debug\"" /D _MBCS /Gm- /RTC1 /MDd /GS /fp:precise /Zc:wchar_t /Zc:forScope /Zc:inline /Fo"cmTC_b7fc4.dir\Debug\\" /Fd"cmTC_b7fc4.dir\Debug\vc140.pdb" /Gd /TC /analyze- /errorReport:queue "D:\ogs\bb\External\vtk\src\vtk-build\CMakeFiles\CMakeTmp\TestEndianess.c"
  TestEndianess.c
  
Link:
  C:\Program Files (x86)\Microsoft Visual Studio 14.0\VC\bin\amd64_x86\link.exe /ERRORREPORT:QUEUE /OUT:"D:\ogs\bb\External\vtk\src\vtk-build\CMakeFiles\CMakeTmp\Debug\cmTC_b7fc4.exe" /INCREMENTAL /NOLOGO kernel32.lib user32.lib gdi32.lib winspool.lib shell32.lib ole32.lib oleaut32.lib uuid.lib comdlg32.lib advapi32.lib /MANIFEST /MANIFESTUAC:"level='asInvoker' uiAccess='false'" /manifest:embed /Debug /PDB:"D:/ogs/bb/External/vtk/src/vtk-build/CMakeFiles/CMakeTmp/Debug/cmTC_b7fc4.pdb" /SUBSYSTEM:CONSOLE /TLBID:1 /DYNAMICBASE /NXCOMPAT /IMPLIB:"D:/ogs/bb/External/vtk/src/vtk-build/CMakeFiles/CMakeTmp/Debug/cmTC_b7fc4.lib" /MACHINE:X86 /SAFESEH  /machine:X86 /debug cmTC_b7fc4.dir\Debug\TestEndianess.obj
  cmTC_b7fc4.vcxproj -> D:\ogs\bb\External\vtk\src\vtk-build\CMakeFiles\CMakeTmp\Debug\cmTC_b7fc4.exe
FinalizeBuildStatus:
  正在删除文件“cmTC_b7fc4.dir\Debug\cmTC_b7fc4.tlog\unsuccessfulbuild”。
  正在对“cmTC_b7fc4.dir\Debug\cmTC_b7fc4.tlog\cmTC_b7fc4.lastbuildstate”执行 Touch 任务。
已完成生成项目“D:\ogs\bb\External\vtk\src\vtk-build\CMakeFiles\CMakeTmp\cmTC_b7fc4.vcxproj”(默认目标)的操作。

已成功生成。
    0 个警告
    0 个错误

已用时间 00:00:01.64

TestEndianess.c:
/* A 16 bit integer is required. */
typedef unsigned short cmakeint16;

/* On a little endian machine, these 16bit ints will give "THIS IS LITTLE ENDIAN."
   On a big endian machine the characters will be exchanged pairwise. */
const cmakeint16 info_little[] =  {0x4854, 0x5349, 0x4920, 0x2053, 0x494c, 0x5454, 0x454c, 0x4520, 0x444e, 0x4149, 0x2e4e, 0x0000};

/* on a big endian machine, these 16bit ints will give "THIS IS BIG ENDIAN."
   On a little endian machine the characters will be exchanged pairwise. */
const cmakeint16 info_big[] =     {0x5448, 0x4953, 0x2049, 0x5320, 0x4249, 0x4720, 0x454e, 0x4449, 0x414e, 0x2e2e, 0x0000};

#ifdef __CLASSIC_C__
int main(argc, argv) int argc; char *argv[];
#else
int main(int argc, char *argv[])
#endif
{
  int require = 0;
  require += info_little[argc];
  require += info_big[argc];
  (void)argv;
  return require;
}


Determining if the include file pthread.h exists failed with the following output:
Change Dir: D:/ogs/bb/External/vtk/src/vtk-build/CMakeFiles/CMakeTmp

Run Build Command:"C:/Program Files (x86)/MSBuild/14.0/bin/MSBuild.exe" "cmTC_8fc7d.vcxproj" "/p:Configuration=Debug" "/p:VisualStudioVersion=14.0"
Microsoft (R) 生成引擎版本 14.0.25123.0
版权所有(C) Microsoft Corporation。保留所有权利。

生成启动时间为 2016/4/8 15:15:59。
节点 1 上的项目“D:\ogs\bb\External\vtk\src\vtk-build\CMakeFiles\CMakeTmp\cmTC_8fc7d.vcxproj”(默认目标)。
PrepareForBuild:
  正在创建目录“cmTC_8fc7d.dir\Debug\”。
  正在创建目录“D:\ogs\bb\External\vtk\src\vtk-build\CMakeFiles\CMakeTmp\Debug\”。
  正在创建目录“cmTC_8fc7d.dir\Debug\cmTC_8fc7d.tlog\”。
InitializeBuildStatus:
  正在创建“cmTC_8fc7d.dir\Debug\cmTC_8fc7d.tlog\unsuccessfulbuild”，因为已指定“AlwaysCreate”。
ClCompile:
  C:\Program Files (x86)\Microsoft Visual Studio 14.0\VC\bin\amd64_x86\CL.exe /c /Zi /W3 /WX- /Od /Ob0 /Oy- /D WIN32 /D _WINDOWS /D _DEBUG /D "CMAKE_INTDIR=\"Debug\"" /D _MBCS /Gm- /RTC1 /MDd /GS /fp:precise /Zc:wchar_t /Zc:forScope /Zc:inline /Fo"cmTC_8fc7d.dir\Debug\\" /Fd"cmTC_8fc7d.dir\Debug\vc140.pdb" /Gd /TC /analyze- /errorReport:queue "D:\ogs\bb\External\vtk\src\vtk-build\CMakeFiles\CMakeTmp\CheckIncludeFile.c"
  用于 x86 的 Microsoft (R) C/C++ 优化编译器 19.00.23918 版
  版权所有(C) Microsoft Corporation。保留所有权利。
  
  cl /c /Zi /W3 /WX- /Od /Ob0 /Oy- /D WIN32 /D _WINDOWS /D _DEBUG /D "CMAKE_INTDIR=\"Debug\"" /D _MBCS /Gm- /RTC1 /MDd /GS /fp:precise /Zc:wchar_t /Zc:forScope /Zc:inline /Fo"cmTC_8fc7d.dir\Debug\\" /Fd"cmTC_8fc7d.dir\Debug\vc140.pdb" /Gd /TC /analyze- /errorReport:queue "D:\ogs\bb\External\vtk\src\vtk-build\CMakeFiles\CMakeTmp\CheckIncludeFile.c"
  CheckIncludeFile.c
  
D:\ogs\bb\External\vtk\src\vtk-build\CMakeFiles\CMakeTmp\CheckIncludeFile.c(1): fatal error C1083: 无法打开包括文件: “pthread.h”: No such file or directory [D:\ogs\bb\External\vtk\src\vtk-build\CMakeFiles\CMakeTmp\cmTC_8fc7d.vcxproj]
已完成生成项目“D:\ogs\bb\External\vtk\src\vtk-build\CMakeFiles\CMakeTmp\cmTC_8fc7d.vcxproj”(默认目标)的操作 - 失败。

生成失败。

“D:\ogs\bb\External\vtk\src\vtk-build\CMakeFiles\CMakeTmp\cmTC_8fc7d.vcxproj”(默认目标) (1) ->
(ClCompile 目标) -> 
  D:\ogs\bb\External\vtk\src\vtk-build\CMakeFiles\CMakeTmp\CheckIncludeFile.c(1): fatal error C1083: 无法打开包括文件: “pthread.h”: No such file or directory [D:\ogs\bb\External\vtk\src\vtk-build\CMakeFiles\CMakeTmp\cmTC_8fc7d.vcxproj]

    0 个警告
    1 个错误

已用时间 00:00:01.03


Determining whether long and __int64 are the same type failed with the following output:
Change Dir: D:/ogs/bb/External/vtk/src/vtk-build/CMakeTmp/CMakeFiles/CMakeTmp

Run Build Command:"C:/Program Files (x86)/MSBuild/14.0/bin/MSBuild.exe" "cmTC_b3121.vcxproj" "/p:Configuration=Debug" "/p:VisualStudioVersion=14.0"
Microsoft (R) 生成引擎版本 14.0.25123.0
版权所有(C) Microsoft Corporation。保留所有权利。

生成启动时间为 2016/4/8 15:16:28。
节点 1 上的项目“D:\ogs\bb\External\vtk\src\vtk-build\CMakeTmp\CMakeFiles\CMakeTmp\cmTC_b3121.vcxproj”(默认目标)。
PrepareForBuild:
  正在创建目录“cmTC_b3121.dir\Debug\”。
  正在创建目录“D:\ogs\bb\External\vtk\src\vtk-build\CMakeTmp\CMakeFiles\CMakeTmp\Debug\”。
  正在创建目录“cmTC_b3121.dir\Debug\cmTC_b3121.tlog\”。
InitializeBuildStatus:
  正在创建“cmTC_b3121.dir\Debug\cmTC_b3121.tlog\unsuccessfulbuild”，因为已指定“AlwaysCreate”。
ClCompile:
  C:\Program Files (x86)\Microsoft Visual Studio 14.0\VC\bin\amd64_x86\CL.exe /c /Zi /W4 /WX- /Od /Ob0 /Oy- /D WIN32 /D _WINDOWS /D _DEBUG /D VTK_TEST_COMPARE_TYPE_1=long /D VTK_TEST_COMPARE_TYPE_2=__int64 /D HAVE_SYS_TYPES_H /D HAVE_STDINT_H /D HAVE_STDDEF_H /D "CMAKE_INTDIR=\"Debug\"" /D _MBCS /Gm- /EHsc /RTC1 /MDd /GS /fp:precise /Zc:wchar_t /Zc:forScope /Zc:inline /GR /Fo"cmTC_b3121.dir\Debug\\" /Fd"cmTC_b3121.dir\Debug\vc140.pdb" /Gd /TP /analyze- /errorReport:queue D:\ogs\bb\External\vtk\src\vtk\CMake\vtkTestCompareTypes.cxx
  用于 x86 的 Microsoft (R) C/C++ 优化编译器 19.00.23918 版
  版权所有(C) Microsoft Corporation。保留所有权利。
  
  vtkTestCompareTypes.cxx
  cl /c /Zi /W4 /WX- /Od /Ob0 /Oy- /D WIN32 /D _WINDOWS /D _DEBUG /D VTK_TEST_COMPARE_TYPE_1=long /D VTK_TEST_COMPARE_TYPE_2=__int64 /D HAVE_SYS_TYPES_H /D HAVE_STDINT_H /D HAVE_STDDEF_H /D "CMAKE_INTDIR=\"Debug\"" /D _MBCS /Gm- /EHsc /RTC1 /MDd /GS /fp:precise /Zc:wchar_t /Zc:forScope /Zc:inline /GR /Fo"cmTC_b3121.dir\Debug\\" /Fd"cmTC_b3121.dir\Debug\vc140.pdb" /Gd /TP /analyze- /errorReport:queue D:\ogs\bb\External\vtk\src\vtk\CMake\vtkTestCompareTypes.cxx
  
D:\ogs\bb\External\vtk\src\vtk\CMake\vtkTestCompareTypes.cxx(38): error C2664: “void function(Type1 **)”: 无法将参数 1 从“Type2 **”转换为“Type1 **” [D:\ogs\bb\External\vtk\src\vtk-build\CMakeTmp\CMakeFiles\CMakeTmp\cmTC_b3121.vcxproj]
  D:\ogs\bb\External\vtk\src\vtk\CMake\vtkTestCompareTypes.cxx(38): note: 与指向的类型无关；转换要求 reinterpret_cast、C 样式转换或函数样式转换
已完成生成项目“D:\ogs\bb\External\vtk\src\vtk-build\CMakeTmp\CMakeFiles\CMakeTmp\cmTC_b3121.vcxproj”(默认目标)的操作 - 失败。

生成失败。

“D:\ogs\bb\External\vtk\src\vtk-build\CMakeTmp\CMakeFiles\CMakeTmp\cmTC_b3121.vcxproj”(默认目标) (1) ->
(ClCompile 目标) -> 
  D:\ogs\bb\External\vtk\src\vtk\CMake\vtkTestCompareTypes.cxx(38): error C2664: “void function(Type1 **)”: 无法将参数 1 从“Type2 **”转换为“Type1 **” [D:\ogs\bb\External\vtk\src\vtk-build\CMakeTmp\CMakeFiles\CMakeTmp\cmTC_b3121.vcxproj]

    0 个警告
    1 个错误

已用时间 00:00:01.15

Determining if the function getsockname exists in the socket failed with the following output:
Change Dir: D:/ogs/bb/External/vtk/src/vtk-build/CMakeFiles/CMakeTmp

Run Build Command:"C:/Program Files (x86)/MSBuild/14.0/bin/MSBuild.exe" "cmTC_967b4.vcxproj" "/p:Configuration=Debug" "/p:VisualStudioVersion=14.0"
Microsoft (R) 生成引擎版本 14.0.25123.0
版权所有(C) Microsoft Corporation。保留所有权利。

生成启动时间为 2016/4/8 15:16:55。
节点 1 上的项目“D:\ogs\bb\External\vtk\src\vtk-build\CMakeFiles\CMakeTmp\cmTC_967b4.vcxproj”(默认目标)。
PrepareForBuild:
  正在创建目录“cmTC_967b4.dir\Debug\”。
  正在创建目录“D:\ogs\bb\External\vtk\src\vtk-build\CMakeFiles\CMakeTmp\Debug\”。
  正在创建目录“cmTC_967b4.dir\Debug\cmTC_967b4.tlog\”。
InitializeBuildStatus:
  正在创建“cmTC_967b4.dir\Debug\cmTC_967b4.tlog\unsuccessfulbuild”，因为已指定“AlwaysCreate”。
ClCompile:
  C:\Program Files (x86)\Microsoft Visual Studio 14.0\VC\bin\amd64_x86\CL.exe /c /Zi /W3 /WX- /Od /Ob0 /Oy- /D WIN32 /D _WINDOWS /D CHECK_FUNCTION_EXISTS=getsockname /D _DEBUG /D "CMAKE_INTDIR=\"Debug\"" /D _MBCS /Gm- /RTC1 /MDd /GS /fp:precise /Zc:wchar_t /Zc:forScope /Zc:inline /Fo"cmTC_967b4.dir\Debug\\" /Fd"cmTC_967b4.dir\Debug\vc140.pdb" /Gd /TC /analyze- /errorReport:queue "C:\CMake\share\cmake-3.4\Modules\CheckFunctionExists.c"
  用于 x86 的 Microsoft (R) C/C++ 优化编译器 19.00.23918 版
  版权所有(C) Microsoft Corporation。保留所有权利。
  
  cl /c /Zi /W3 /WX- /Od /Ob0 /Oy- /D WIN32 /D _WINDOWS /D CHECK_FUNCTION_EXISTS=getsockname /D _DEBUG /D "CMAKE_INTDIR=\"Debug\"" /D _MBCS /Gm- /RTC1 /MDd /GS /fp:precise /Zc:wchar_t /Zc:forScope /Zc:inline /Fo"cmTC_967b4.dir\Debug\\" /Fd"cmTC_967b4.dir\Debug\vc140.pdb" /Gd /TC /analyze- /errorReport:queue "C:\CMake\share\cmake-3.4\Modules\CheckFunctionExists.c"
  CheckFunctionExists.c
  
Link:
  C:\Program Files (x86)\Microsoft Visual Studio 14.0\VC\bin\amd64_x86\link.exe /ERRORREPORT:QUEUE /OUT:"D:\ogs\bb\External\vtk\src\vtk-build\CMakeFiles\CMakeTmp\Debug\cmTC_967b4.exe" /INCREMENTAL /NOLOGO kernel32.lib user32.lib gdi32.lib winspool.lib shell32.lib ole32.lib oleaut32.lib uuid.lib comdlg32.lib advapi32.lib socket.lib /MANIFEST /MANIFESTUAC:"level='asInvoker' uiAccess='false'" /manifest:embed /Debug /PDB:"D:/ogs/bb/External/vtk/src/vtk-build/CMakeFiles/CMakeTmp/Debug/cmTC_967b4.pdb" /SUBSYSTEM:CONSOLE /TLBID:1 /DYNAMICBASE /NXCOMPAT /IMPLIB:"D:/ogs/bb/External/vtk/src/vtk-build/CMakeFiles/CMakeTmp/Debug/cmTC_967b4.lib" /MACHINE:X86 /SAFESEH  /machine:X86 /debug cmTC_967b4.dir\Debug\CheckFunctionExists.obj
LINK : fatal error LNK1104: 无法打开文件“socket.lib” [D:\ogs\bb\External\vtk\src\vtk-build\CMakeFiles\CMakeTmp\cmTC_967b4.vcxproj]
已完成生成项目“D:\ogs\bb\External\vtk\src\vtk-build\CMakeFiles\CMakeTmp\cmTC_967b4.vcxproj”(默认目标)的操作 - 失败。

生成失败。

“D:\ogs\bb\External\vtk\src\vtk-build\CMakeFiles\CMakeTmp\cmTC_967b4.vcxproj”(默认目标) (1) ->
(Link 目标) -> 
  LINK : fatal error LNK1104: 无法打开文件“socket.lib” [D:\ogs\bb\External\vtk\src\vtk-build\CMakeFiles\CMakeTmp\cmTC_967b4.vcxproj]

    0 个警告
    1 个错误

已用时间 00:00:01.15


Determining if getsockname accepts socklen_t type  failed with the following output:
Change Dir: D:/ogs/bb/External/vtk/src/vtk-build/CMakeTmp/SocklenT/CMakeFiles/CMakeTmp

Run Build Command:"C:/Program Files (x86)/MSBuild/14.0/bin/MSBuild.exe" "cmTC_83bbc.vcxproj" "/p:Configuration=Debug" "/p:VisualStudioVersion=14.0"
Microsoft (R) 生成引擎版本 14.0.25123.0
版权所有(C) Microsoft Corporation。保留所有权利。

生成启动时间为 2016/4/8 15:16:56。
节点 1 上的项目“D:\ogs\bb\External\vtk\src\vtk-build\CMakeTmp\SocklenT\CMakeFiles\CMakeTmp\cmTC_83bbc.vcxproj”(默认目标)。
PrepareForBuild:
  正在创建目录“cmTC_83bbc.dir\Debug\”。
  正在创建目录“D:\ogs\bb\External\vtk\src\vtk-build\CMakeTmp\SocklenT\CMakeFiles\CMakeTmp\Debug\”。
  正在创建目录“cmTC_83bbc.dir\Debug\cmTC_83bbc.tlog\”。
InitializeBuildStatus:
  正在创建“cmTC_83bbc.dir\Debug\cmTC_83bbc.tlog\unsuccessfulbuild”，因为已指定“AlwaysCreate”。
ClCompile:
  C:\Program Files (x86)\Microsoft Visual Studio 14.0\VC\bin\amd64_x86\CL.exe /c /Zi /W4 /WX- /Od /Ob0 /Oy- /D WIN32 /D _WINDOWS /D _DEBUG /D "CMAKE_INTDIR=\"Debug\"" /D _MBCS /Gm- /EHsc /RTC1 /MDd /GS /fp:precise /Zc:wchar_t /Zc:forScope /Zc:inline /GR /Fo"cmTC_83bbc.dir\Debug\\" /Fd"cmTC_83bbc.dir\Debug\vc140.pdb" /Gd /TP /analyze- /errorReport:queue D:\ogs\bb\External\vtk\src\vtk\CMake\vtkTestSocklenT.cxx
  用于 x86 的 Microsoft (R) C/C++ 优化编译器 19.00.23918 版
  版权所有(C) Microsoft Corporation。保留所有权利。
  
  cl /c /Zi /W4 /WX- /Od /Ob0 /Oy- /D WIN32 /D _WINDOWS /D _DEBUG /D "CMAKE_INTDIR=\"Debug\"" /D _MBCS /Gm- /EHsc /RTC1 /MDd /GS /fp:precise /Zc:wchar_t /Zc:forScope /Zc:inline /GR /Fo"cmTC_83bbc.dir\Debug\\" /Fd"cmTC_83bbc.dir\Debug\vc140.pdb" /Gd /TP /analyze- /errorReport:queue D:\ogs\bb\External\vtk\src\vtk\CMake\vtkTestSocklenT.cxx
  vtkTestSocklenT.cxx
  
D:\ogs\bb\External\vtk\src\vtk\CMake\vtkTestSocklenT.cxx(11): error C2065: “socklen_t”: 未声明的标识符 [D:\ogs\bb\External\vtk\src\vtk-build\CMakeTmp\SocklenT\CMakeFiles\CMakeTmp\cmTC_83bbc.vcxproj]
D:\ogs\bb\External\vtk\src\vtk\CMake\vtkTestSocklenT.cxx(11): error C2059: 语法错误:“)” [D:\ogs\bb\External\vtk\src\vtk-build\CMakeTmp\SocklenT\CMakeFiles\CMakeTmp\cmTC_83bbc.vcxproj]
D:\ogs\bb\External\vtk\src\vtk\CMake\vtkTestSocklenT.cxx(12): error C2065: “socklen_t”: 未声明的标识符 [D:\ogs\bb\External\vtk\src\vtk-build\CMakeTmp\SocklenT\CMakeFiles\CMakeTmp\cmTC_83bbc.vcxproj]
D:\ogs\bb\External\vtk\src\vtk\CMake\vtkTestSocklenT.cxx(12): warning C4127: 条件表达式是常量 [D:\ogs\bb\External\vtk\src\vtk-build\CMakeTmp\SocklenT\CMakeFiles\CMakeTmp\cmTC_83bbc.vcxproj]
已完成生成项目“D:\ogs\bb\External\vtk\src\vtk-build\CMakeTmp\SocklenT\CMakeFiles\CMakeTmp\cmTC_83bbc.vcxproj”(默认目标)的操作 - 失败。

生成失败。

“D:\ogs\bb\External\vtk\src\vtk-build\CMakeTmp\SocklenT\CMakeFiles\CMakeTmp\cmTC_83bbc.vcxproj”(默认目标) (1) ->
(ClCompile 目标) -> 
  D:\ogs\bb\External\vtk\src\vtk\CMake\vtkTestSocklenT.cxx(12): warning C4127: 条件表达式是常量 [D:\ogs\bb\External\vtk\src\vtk-build\CMakeTmp\SocklenT\CMakeFiles\CMakeTmp\cmTC_83bbc.vcxproj]


“D:\ogs\bb\External\vtk\src\vtk-build\CMakeTmp\SocklenT\CMakeFiles\CMakeTmp\cmTC_83bbc.vcxproj”(默认目标) (1) ->
(ClCompile 目标) -> 
  D:\ogs\bb\External\vtk\src\vtk\CMake\vtkTestSocklenT.cxx(11): error C2065: “socklen_t”: 未声明的标识符 [D:\ogs\bb\External\vtk\src\vtk-build\CMakeTmp\SocklenT\CMakeFiles\CMakeTmp\cmTC_83bbc.vcxproj]
  D:\ogs\bb\External\vtk\src\vtk\CMake\vtkTestSocklenT.cxx(11): error C2059: 语法错误:“)” [D:\ogs\bb\External\vtk\src\vtk-build\CMakeTmp\SocklenT\CMakeFiles\CMakeTmp\cmTC_83bbc.vcxproj]
  D:\ogs\bb\External\vtk\src\vtk\CMake\vtkTestSocklenT.cxx(12): error C2065: “socklen_t”: 未声明的标识符 [D:\ogs\bb\External\vtk\src\vtk-build\CMakeTmp\SocklenT\CMakeFiles\CMakeTmp\cmTC_83bbc.vcxproj]

    1 个警告
    3 个错误

已用时间 00:00:01.17

Determining if the SO_REUSEADDR exist failed with the following output:
Change Dir: D:/ogs/bb/External/vtk/src/vtk-build/CMakeFiles/CMakeTmp

Run Build Command:"C:/Program Files (x86)/MSBuild/14.0/bin/MSBuild.exe" "cmTC_3caff.vcxproj" "/p:Configuration=Debug" "/p:VisualStudioVersion=14.0"
Microsoft (R) 生成引擎版本 14.0.25123.0
版权所有(C) Microsoft Corporation。保留所有权利。

生成启动时间为 2016/4/8 15:16:58。
节点 1 上的项目“D:\ogs\bb\External\vtk\src\vtk-build\CMakeFiles\CMakeTmp\cmTC_3caff.vcxproj”(默认目标)。
PrepareForBuild:
  正在创建目录“cmTC_3caff.dir\Debug\”。
  正在创建目录“D:\ogs\bb\External\vtk\src\vtk-build\CMakeFiles\CMakeTmp\Debug\”。
  正在创建目录“cmTC_3caff.dir\Debug\cmTC_3caff.tlog\”。
InitializeBuildStatus:
  正在创建“cmTC_3caff.dir\Debug\cmTC_3caff.tlog\unsuccessfulbuild”，因为已指定“AlwaysCreate”。
ClCompile:
  C:\Program Files (x86)\Microsoft Visual Studio 14.0\VC\bin\amd64_x86\CL.exe /c /Zi /W3 /WX- /Od /Ob0 /Oy- /D WIN32 /D _WINDOWS /D _DEBUG /D "CMAKE_INTDIR=\"Debug\"" /D _MBCS /Gm- /RTC1 /MDd /GS /fp:precise /Zc:wchar_t /Zc:forScope /Zc:inline /Fo"cmTC_3caff.dir\Debug\\" /Fd"cmTC_3caff.dir\Debug\vc140.pdb" /Gd /TC /analyze- /errorReport:queue "D:\ogs\bb\External\vtk\src\vtk-build\CMakeFiles\CMakeTmp\CheckSymbolExists.c"
  用于 x86 的 Microsoft (R) C/C++ 优化编译器 19.00.23918 版
  版权所有(C) Microsoft Corporation。保留所有权利。
  
  cl /c /Zi /W3 /WX- /Od /Ob0 /Oy- /D WIN32 /D _WINDOWS /D _DEBUG /D "CMAKE_INTDIR=\"Debug\"" /D _MBCS /Gm- /RTC1 /MDd /GS /fp:precise /Zc:wchar_t /Zc:forScope /Zc:inline /Fo"cmTC_3caff.dir\Debug\\" /Fd"cmTC_3caff.dir\Debug\vc140.pdb" /Gd /TC /analyze- /errorReport:queue "D:\ogs\bb\External\vtk\src\vtk-build\CMakeFiles\CMakeTmp\CheckSymbolExists.c"
  CheckSymbolExists.c
  
D:\ogs\bb\External\vtk\src\vtk-build\CMakeFiles\CMakeTmp\CheckSymbolExists.c(3): fatal error C1083: 无法打开包括文件: “sys/socket.h”: No such file or directory [D:\ogs\bb\External\vtk\src\vtk-build\CMakeFiles\CMakeTmp\cmTC_3caff.vcxproj]
已完成生成项目“D:\ogs\bb\External\vtk\src\vtk-build\CMakeFiles\CMakeTmp\cmTC_3caff.vcxproj”(默认目标)的操作 - 失败。

生成失败。

“D:\ogs\bb\External\vtk\src\vtk-build\CMakeFiles\CMakeTmp\cmTC_3caff.vcxproj”(默认目标) (1) ->
(ClCompile 目标) -> 
  D:\ogs\bb\External\vtk\src\vtk-build\CMakeFiles\CMakeTmp\CheckSymbolExists.c(3): fatal error C1083: 无法打开包括文件: “sys/socket.h”: No such file or directory [D:\ogs\bb\External\vtk\src\vtk-build\CMakeFiles\CMakeTmp\cmTC_3caff.vcxproj]

    0 个警告
    1 个错误

已用时间 00:00:01.05

File D:/ogs/bb/External/vtk/src/vtk-build/CMakeFiles/CMakeTmp/CheckSymbolExists.c:
/* */
#include <sys/types.h>
#include <sys/socket.h>

int main(int argc, char** argv)
{
  (void)argv;
#ifndef SO_REUSEADDR
  return ((int*)(&SO_REUSEADDR))[argc];
#else
  (void)argc;
  return 0;
#endif
}

Checking for Large File Support failed to compile with the following output:
Change Dir: D:/ogs/bb/External/vtk/src/vtk-build/Utilities/KWSys/vtksys/CMakeFiles/CMakeTmp

Run Build Command:"C:/Program Files (x86)/MSBuild/14.0/bin/MSBuild.exe" "cmTC_1d934.vcxproj" "/p:Configuration=Debug" "/p:VisualStudioVersion=14.0"
Microsoft (R) 生成引擎版本 14.0.25123.0
版权所有(C) Microsoft Corporation。保留所有权利。

生成启动时间为 2016/4/8 15:17:02。
节点 1 上的项目“D:\ogs\bb\External\vtk\src\vtk-build\Utilities\KWSys\vtksys\CMakeFiles\CMakeTmp\cmTC_1d934.vcxproj”(默认目标)。
PrepareForBuild:
  正在创建目录“cmTC_1d934.dir\Debug\”。
  正在创建目录“D:\ogs\bb\External\vtk\src\vtk-build\Utilities\KWSys\vtksys\CMakeFiles\CMakeTmp\Debug\”。
  正在创建目录“cmTC_1d934.dir\Debug\cmTC_1d934.tlog\”。
InitializeBuildStatus:
  正在创建“cmTC_1d934.dir\Debug\cmTC_1d934.tlog\unsuccessfulbuild”，因为已指定“AlwaysCreate”。
ClCompile:
  C:\Program Files (x86)\Microsoft Visual Studio 14.0\VC\bin\amd64_x86\CL.exe /c /Zi /W4 /WX- /Od /Ob0 /Oy- /D WIN32 /D _WINDOWS /D _DEBUG /D TEST_KWSYS_LFS_WORKS /D KWSYS_CXX_HAS_CSTDIO=1 /D "CMAKE_INTDIR=\"Debug\"" /D _MBCS /Gm- /EHsc /RTC1 /MDd /GS /fp:precise /Zc:wchar_t /Zc:forScope /Zc:inline /GR /Fo"cmTC_1d934.dir\Debug\\" /Fd"cmTC_1d934.dir\Debug\vc140.pdb" /Gd /TP /analyze- /errorReport:queue D:\ogs\bb\External\vtk\src\vtk\Utilities\KWSys\vtksys\kwsysPlatformTestsCXX.cxx
  用于 x86 的 Microsoft (R) C/C++ 优化编译器 19.00.23918 版
  版权所有(C) Microsoft Corporation。保留所有权利。
  
  cl /c /Zi /W4 /WX- /Od /Ob0 /Oy- /D WIN32 /D _WINDOWS /D _DEBUG /D TEST_KWSYS_LFS_WORKS /D KWSYS_CXX_HAS_CSTDIO=1 /D "CMAKE_INTDIR=\"Debug\"" /D _MBCS /Gm- /EHsc /RTC1 /MDd /GS /fp:precise /Zc:wchar_t /Zc:forScope /Zc:inline /GR /Fo"cmTC_1d934.dir\Debug\\" /Fd"cmTC_1d934.dir\Debug\vc140.pdb" /Gd /TP /analyze- /errorReport:queue D:\ogs\bb\External\vtk\src\vtk\Utilities\KWSys\vtksys\kwsysPlatformTestsCXX.cxx
  kwsysPlatformTestsCXX.cxx
  
D:\ogs\bb\External\vtk\src\vtk\Utilities\KWSys\vtksys\kwsysPlatformTestsCXX.cxx(412): warning C4293: “<<”: Shift 计数为负或过大，其行为未定义 [D:\ogs\bb\External\vtk\src\vtk-build\Utilities\KWSys\vtksys\CMakeFiles\CMakeTmp\cmTC_1d934.vcxproj]
D:\ogs\bb\External\vtk\src\vtk\Utilities\KWSys\vtksys\kwsysPlatformTestsCXX.cxx(412): warning C4127: 条件表达式是常量 [D:\ogs\bb\External\vtk\src\vtk-build\Utilities\KWSys\vtksys\CMakeFiles\CMakeTmp\cmTC_1d934.vcxproj]
D:\ogs\bb\External\vtk\src\vtk\Utilities\KWSys\vtksys\kwsysPlatformTestsCXX.cxx(418): error C3861: “S_ISREG”: 找不到标识符 [D:\ogs\bb\External\vtk\src\vtk-build\Utilities\KWSys\vtksys\CMakeFiles\CMakeTmp\cmTC_1d934.vcxproj]
D:\ogs\bb\External\vtk\src\vtk\Utilities\KWSys\vtksys\kwsysPlatformTestsCXX.cxx(422): error C3861: “ftello”: 找不到标识符 [D:\ogs\bb\External\vtk\src\vtk-build\Utilities\KWSys\vtksys\CMakeFiles\CMakeTmp\cmTC_1d934.vcxproj]
D:\ogs\bb\External\vtk\src\vtk\Utilities\KWSys\vtksys\kwsysPlatformTestsCXX.cxx(421): warning C4996: 'fopen': This function or variable may be unsafe. Consider using fopen_s instead. To disable deprecation, use _CRT_SECURE_NO_WARNINGS. See online help for details. [D:\ogs\bb\External\vtk\src\vtk-build\Utilities\KWSys\vtksys\CMakeFiles\CMakeTmp\cmTC_1d934.vcxproj]
  C:\Program Files (x86)\Windows Kits\10\Include\10.0.10586.0\ucrt\stdio.h(205): note: 参见“fopen”的声明
已完成生成项目“D:\ogs\bb\External\vtk\src\vtk-build\Utilities\KWSys\vtksys\CMakeFiles\CMakeTmp\cmTC_1d934.vcxproj”(默认目标)的操作 - 失败。

生成失败。

“D:\ogs\bb\External\vtk\src\vtk-build\Utilities\KWSys\vtksys\CMakeFiles\CMakeTmp\cmTC_1d934.vcxproj”(默认目标) (1) ->
(ClCompile 目标) -> 
  D:\ogs\bb\External\vtk\src\vtk\Utilities\KWSys\vtksys\kwsysPlatformTestsCXX.cxx(412): warning C4293: “<<”: Shift 计数为负或过大，其行为未定义 [D:\ogs\bb\External\vtk\src\vtk-build\Utilities\KWSys\vtksys\CMakeFiles\CMakeTmp\cmTC_1d934.vcxproj]
  D:\ogs\bb\External\vtk\src\vtk\Utilities\KWSys\vtksys\kwsysPlatformTestsCXX.cxx(412): warning C4127: 条件表达式是常量 [D:\ogs\bb\External\vtk\src\vtk-build\Utilities\KWSys\vtksys\CMakeFiles\CMakeTmp\cmTC_1d934.vcxproj]
  D:\ogs\bb\External\vtk\src\vtk\Utilities\KWSys\vtksys\kwsysPlatformTestsCXX.cxx(421): warning C4996: 'fopen': This function or variable may be unsafe. Consider using fopen_s instead. To disable deprecation, use _CRT_SECURE_NO_WARNINGS. See online help for details. [D:\ogs\bb\External\vtk\src\vtk-build\Utilities\KWSys\vtksys\CMakeFiles\CMakeTmp\cmTC_1d934.vcxproj]


“D:\ogs\bb\External\vtk\src\vtk-build\Utilities\KWSys\vtksys\CMakeFiles\CMakeTmp\cmTC_1d934.vcxproj”(默认目标) (1) ->
(ClCompile 目标) -> 
  D:\ogs\bb\External\vtk\src\vtk\Utilities\KWSys\vtksys\kwsysPlatformTestsCXX.cxx(418): error C3861: “S_ISREG”: 找不到标识符 [D:\ogs\bb\External\vtk\src\vtk-build\Utilities\KWSys\vtksys\CMakeFiles\CMakeTmp\cmTC_1d934.vcxproj]
  D:\ogs\bb\External\vtk\src\vtk\Utilities\KWSys\vtksys\kwsysPlatformTestsCXX.cxx(422): error C3861: “ftello”: 找不到标识符 [D:\ogs\bb\External\vtk\src\vtk-build\Utilities\KWSys\vtksys\CMakeFiles\CMakeTmp\cmTC_1d934.vcxproj]

    3 个警告
    2 个错误

已用时间 00:00:01.07


Checking for non-standard argument to stl allocator<>::max_size failed to compile with the following output:
Change Dir: D:/ogs/bb/External/vtk/src/vtk-build/Utilities/KWSys/vtksys/CMakeFiles/CMakeTmp

Run Build Command:"C:/Program Files (x86)/MSBuild/14.0/bin/MSBuild.exe" "cmTC_ff6d0.vcxproj" "/p:Configuration=Debug" "/p:VisualStudioVersion=14.0"
Microsoft (R) 生成引擎版本 14.0.25123.0
版权所有(C) Microsoft Corporation。保留所有权利。

生成启动时间为 2016/4/8 15:17:24。
节点 1 上的项目“D:\ogs\bb\External\vtk\src\vtk-build\Utilities\KWSys\vtksys\CMakeFiles\CMakeTmp\cmTC_ff6d0.vcxproj”(默认目标)。
PrepareForBuild:
  正在创建目录“cmTC_ff6d0.dir\Debug\”。
  正在创建目录“D:\ogs\bb\External\vtk\src\vtk-build\Utilities\KWSys\vtksys\CMakeFiles\CMakeTmp\Debug\”。
  正在创建目录“cmTC_ff6d0.dir\Debug\cmTC_ff6d0.tlog\”。
InitializeBuildStatus:
  正在创建“cmTC_ff6d0.dir\Debug\cmTC_ff6d0.tlog\unsuccessfulbuild”，因为已指定“AlwaysCreate”。
ClCompile:
  C:\Program Files (x86)\Microsoft Visual Studio 14.0\VC\bin\amd64_x86\CL.exe /c /Zi /W4 /WX- /Od /Ob0 /Oy- /D WIN32 /D _WINDOWS /D _DEBUG /D TEST_KWSYS_STL_HAS_ALLOCATOR_MAX_SIZE_ARGUMENT /D KWSYS_STL_HAVE_STD=1 /D "CMAKE_INTDIR=\"Debug\"" /D _MBCS /Gm- /EHsc /RTC1 /MDd /GS /fp:precise /Zc:wchar_t /Zc:forScope /Zc:inline /GR /Fo"cmTC_ff6d0.dir\Debug\\" /Fd"cmTC_ff6d0.dir\Debug\vc140.pdb" /Gd /TP /analyze- /errorReport:queue D:\ogs\bb\External\vtk\src\vtk\Utilities\KWSys\vtksys\kwsysPlatformTestsCXX.cxx
  用于 x86 的 Microsoft (R) C/C++ 优化编译器 19.00.23918 版
  版权所有(C) Microsoft Corporation。保留所有权利。
  
  cl /c /Zi /W4 /WX- /Od /Ob0 /Oy- /D WIN32 /D _WINDOWS /D _DEBUG /D TEST_KWSYS_STL_HAS_ALLOCATOR_MAX_SIZE_ARGUMENT /D KWSYS_STL_HAVE_STD=1 /D "CMAKE_INTDIR=\"Debug\"" /D _MBCS /Gm- /EHsc /RTC1 /MDd /GS /fp:precise /Zc:wchar_t /Zc:forScope /Zc:inline /GR /Fo"cmTC_ff6d0.dir\Debug\\" /Fd"cmTC_ff6d0.dir\Debug\vc140.pdb" /Gd /TP /analyze- /errorReport:queue D:\ogs\bb\External\vtk\src\vtk\Utilities\KWSys\vtksys\kwsysPlatformTestsCXX.cxx
  kwsysPlatformTestsCXX.cxx
  
D:\ogs\bb\External\vtk\src\vtk\Utilities\KWSys\vtksys\kwsysPlatformTestsCXX.cxx(256): error C2660: “std::allocator<char>::max_size”: 函数不接受 1 个参数 [D:\ogs\bb\External\vtk\src\vtk-build\Utilities\KWSys\vtksys\CMakeFiles\CMakeTmp\cmTC_ff6d0.vcxproj]
已完成生成项目“D:\ogs\bb\External\vtk\src\vtk-build\Utilities\KWSys\vtksys\CMakeFiles\CMakeTmp\cmTC_ff6d0.vcxproj”(默认目标)的操作 - 失败。

生成失败。

“D:\ogs\bb\External\vtk\src\vtk-build\Utilities\KWSys\vtksys\CMakeFiles\CMakeTmp\cmTC_ff6d0.vcxproj”(默认目标) (1) ->
(ClCompile 目标) -> 
  D:\ogs\bb\External\vtk\src\vtk\Utilities\KWSys\vtksys\kwsysPlatformTestsCXX.cxx(256): error C2660: “std::allocator<char>::max_size”: 函数不接受 1 个参数 [D:\ogs\bb\External\vtk\src\vtk-build\Utilities\KWSys\vtksys\CMakeFiles\CMakeTmp\cmTC_ff6d0.vcxproj]

    0 个警告
    1 个错误

已用时间 00:00:01.24


Checking whether "<>" is needed for template friends failed to compile with the following output:
Change Dir: D:/ogs/bb/External/vtk/src/vtk-build/Utilities/KWSys/vtksys/CMakeFiles/CMakeTmp

Run Build Command:"C:/Program Files (x86)/MSBuild/14.0/bin/MSBuild.exe" "cmTC_fdc53.vcxproj" "/p:Configuration=Debug" "/p:VisualStudioVersion=14.0"
Microsoft (R) 生成引擎版本 14.0.25123.0
版权所有(C) Microsoft Corporation。保留所有权利。

生成启动时间为 2016/4/8 15:17:30。
节点 1 上的项目“D:\ogs\bb\External\vtk\src\vtk-build\Utilities\KWSys\vtksys\CMakeFiles\CMakeTmp\cmTC_fdc53.vcxproj”(默认目标)。
PrepareForBuild:
  正在创建目录“cmTC_fdc53.dir\Debug\”。
  正在创建目录“D:\ogs\bb\External\vtk\src\vtk-build\Utilities\KWSys\vtksys\CMakeFiles\CMakeTmp\Debug\”。
  正在创建目录“cmTC_fdc53.dir\Debug\cmTC_fdc53.tlog\”。
InitializeBuildStatus:
  正在创建“cmTC_fdc53.dir\Debug\cmTC_fdc53.tlog\unsuccessfulbuild”，因为已指定“AlwaysCreate”。
ClCompile:
  C:\Program Files (x86)\Microsoft Visual Studio 14.0\VC\bin\amd64_x86\CL.exe /c /Zi /W4 /WX- /Od /Ob0 /Oy- /D WIN32 /D _WINDOWS /D _DEBUG /D TEST_KWSYS_CXX_HAS_NULL_TEMPLATE_ARGS /D "CMAKE_INTDIR=\"Debug\"" /D _MBCS /Gm- /EHsc /RTC1 /MDd /GS /fp:precise /Zc:wchar_t /Zc:forScope /Zc:inline /GR /Fo"cmTC_fdc53.dir\Debug\\" /Fd"cmTC_fdc53.dir\Debug\vc140.pdb" /Gd /TP /analyze- /errorReport:queue D:\ogs\bb\External\vtk\src\vtk\Utilities\KWSys\vtksys\kwsysPlatformTestsCXX.cxx
  用于 x86 的 Microsoft (R) C/C++ 优化编译器 19.00.23918 版
  版权所有(C) Microsoft Corporation。保留所有权利。
  
  cl /c /Zi /W4 /WX- /Od /Ob0 /Oy- /D WIN32 /D _WINDOWS /D _DEBUG /D TEST_KWSYS_CXX_HAS_NULL_TEMPLATE_ARGS /D "CMAKE_INTDIR=\"Debug\"" /D _MBCS /Gm- /EHsc /RTC1 /MDd /GS /fp:precise /Zc:wchar_t /Zc:forScope /Zc:inline /GR /Fo"cmTC_fdc53.dir\Debug\\" /Fd"cmTC_fdc53.dir\Debug\vc140.pdb" /Gd /TP /analyze- /errorReport:queue D:\ogs\bb\External\vtk\src\vtk\Utilities\KWSys\vtksys\kwsysPlatformTestsCXX.cxx
  kwsysPlatformTestsCXX.cxx
  
D:\ogs\bb\External\vtk\src\vtk\Utilities\KWSys\vtksys\kwsysPlatformTestsCXX.cxx(146): error C2248: “A<int>::x”: 无法访问 private 成员(在“A<int>”类中声明) [D:\ogs\bb\External\vtk\src\vtk-build\Utilities\KWSys\vtksys\CMakeFiles\CMakeTmp\cmTC_fdc53.vcxproj]
  D:\ogs\bb\External\vtk\src\vtk\Utilities\KWSys\vtksys\kwsysPlatformTestsCXX.cxx(143): note: 参见“A<int>::x”的声明
  D:\ogs\bb\External\vtk\src\vtk\Utilities\KWSys\vtksys\kwsysPlatformTestsCXX.cxx(147): note: 参见“A<int>”的声明
  D:\ogs\bb\External\vtk\src\vtk\Utilities\KWSys\vtksys\kwsysPlatformTestsCXX.cxx(147): note: 参见对正在编译的函数 模板 实例化“int f<int>(A<int> &)”的引用
已完成生成项目“D:\ogs\bb\External\vtk\src\vtk-build\Utilities\KWSys\vtksys\CMakeFiles\CMakeTmp\cmTC_fdc53.vcxproj”(默认目标)的操作 - 失败。

生成失败。

“D:\ogs\bb\External\vtk\src\vtk-build\Utilities\KWSys\vtksys\CMakeFiles\CMakeTmp\cmTC_fdc53.vcxproj”(默认目标) (1) ->
(ClCompile 目标) -> 
  D:\ogs\bb\External\vtk\src\vtk\Utilities\KWSys\vtksys\kwsysPlatformTestsCXX.cxx(146): error C2248: “A<int>::x”: 无法访问 private 成员(在“A<int>”类中声明) [D:\ogs\bb\External\vtk\src\vtk-build\Utilities\KWSys\vtksys\CMakeFiles\CMakeTmp\cmTC_fdc53.vcxproj]

    0 个警告
    1 个错误

已用时间 00:00:01.18


Checking whether long and __int64 are the same type failed to compile with the following output:
Change Dir: D:/ogs/bb/External/vtk/src/vtk-build/Utilities/KWSys/vtksys/CMakeFiles/CMakeTmp

Run Build Command:"C:/Program Files (x86)/MSBuild/14.0/bin/MSBuild.exe" "cmTC_b45a5.vcxproj" "/p:Configuration=Debug" "/p:VisualStudioVersion=14.0"
Microsoft (R) 生成引擎版本 14.0.25123.0
版权所有(C) Microsoft Corporation。保留所有权利。

生成启动时间为 2016/4/8 15:17:41。
节点 1 上的项目“D:\ogs\bb\External\vtk\src\vtk-build\Utilities\KWSys\vtksys\CMakeFiles\CMakeTmp\cmTC_b45a5.vcxproj”(默认目标)。
PrepareForBuild:
  正在创建目录“cmTC_b45a5.dir\Debug\”。
  正在创建目录“D:\ogs\bb\External\vtk\src\vtk-build\Utilities\KWSys\vtksys\CMakeFiles\CMakeTmp\Debug\”。
  正在创建目录“cmTC_b45a5.dir\Debug\cmTC_b45a5.tlog\”。
InitializeBuildStatus:
  正在创建“cmTC_b45a5.dir\Debug\cmTC_b45a5.tlog\unsuccessfulbuild”，因为已指定“AlwaysCreate”。
ClCompile:
  C:\Program Files (x86)\Microsoft Visual Studio 14.0\VC\bin\amd64_x86\CL.exe /c /Zi /W4 /WX- /Od /Ob0 /Oy- /D WIN32 /D _WINDOWS /D _DEBUG /D TEST_KWSYS_CXX_SAME_LONG_AND___INT64 /D "CMAKE_INTDIR=\"Debug\"" /D _MBCS /Gm- /EHsc /RTC1 /MDd /GS /fp:precise /Zc:wchar_t /Zc:forScope /Zc:inline /GR /Fo"cmTC_b45a5.dir\Debug\\" /Fd"cmTC_b45a5.dir\Debug\vc140.pdb" /Gd /TP /analyze- /errorReport:queue D:\ogs\bb\External\vtk\src\vtk\Utilities\KWSys\vtksys\kwsysPlatformTestsCXX.cxx
  用于 x86 的 Microsoft (R) C/C++ 优化编译器 19.00.23918 版
  版权所有(C) Microsoft Corporation。保留所有权利。
  
  cl /c /Zi /W4 /WX- /Od /Ob0 /Oy- /D WIN32 /D _WINDOWS /D _DEBUG /D TEST_KWSYS_CXX_SAME_LONG_AND___INT64 /D "CMAKE_INTDIR=\"Debug\"" /D _MBCS /Gm- /EHsc /RTC1 /MDd /GS /fp:precise /Zc:wchar_t /Zc:forScope /Zc:inline /GR /Fo"cmTC_b45a5.dir\Debug\\" /Fd"cmTC_b45a5.dir\Debug\vc140.pdb" /Gd /TP /analyze- /errorReport:queue D:\ogs\bb\External\vtk\src\vtk\Utilities\KWSys\vtksys\kwsysPlatformTestsCXX.cxx
  kwsysPlatformTestsCXX.cxx
  
D:\ogs\bb\External\vtk\src\vtk\Utilities\KWSys\vtksys\kwsysPlatformTestsCXX.cxx(296): error C2664: “void function(long **)”: 无法将参数 1 从“__int64 **”转换为“long **” [D:\ogs\bb\External\vtk\src\vtk-build\Utilities\KWSys\vtksys\CMakeFiles\CMakeTmp\cmTC_b45a5.vcxproj]
  D:\ogs\bb\External\vtk\src\vtk\Utilities\KWSys\vtksys\kwsysPlatformTestsCXX.cxx(296): note: 与指向的类型无关；转换要求 reinterpret_cast、C 样式转换或函数样式转换
已完成生成项目“D:\ogs\bb\External\vtk\src\vtk-build\Utilities\KWSys\vtksys\CMakeFiles\CMakeTmp\cmTC_b45a5.vcxproj”(默认目标)的操作 - 失败。

生成失败。

“D:\ogs\bb\External\vtk\src\vtk-build\Utilities\KWSys\vtksys\CMakeFiles\CMakeTmp\cmTC_b45a5.vcxproj”(默认目标) (1) ->
(ClCompile 目标) -> 
  D:\ogs\bb\External\vtk\src\vtk\Utilities\KWSys\vtksys\kwsysPlatformTestsCXX.cxx(296): error C2664: “void function(long **)”: 无法将参数 1 从“__int64 **”转换为“long **” [D:\ogs\bb\External\vtk\src\vtk-build\Utilities\KWSys\vtksys\CMakeFiles\CMakeTmp\cmTC_b45a5.vcxproj]

    0 个警告
    1 个错误

已用时间 00:00:01.18


Checking whether C compiler has ssize_t in unistd.h failed to compile with the following output:
Change Dir: D:/ogs/bb/External/vtk/src/vtk-build/Utilities/KWSys/vtksys/CMakeFiles/CMakeTmp

Run Build Command:"C:/Program Files (x86)/MSBuild/14.0/bin/MSBuild.exe" "cmTC_a6892.vcxproj" "/p:Configuration=Debug" "/p:VisualStudioVersion=14.0"
Microsoft (R) 生成引擎版本 14.0.25123.0
版权所有(C) Microsoft Corporation。保留所有权利。

生成启动时间为 2016/4/8 15:18:07。
节点 1 上的项目“D:\ogs\bb\External\vtk\src\vtk-build\Utilities\KWSys\vtksys\CMakeFiles\CMakeTmp\cmTC_a6892.vcxproj”(默认目标)。
PrepareForBuild:
  正在创建目录“cmTC_a6892.dir\Debug\”。
  正在创建目录“D:\ogs\bb\External\vtk\src\vtk-build\Utilities\KWSys\vtksys\CMakeFiles\CMakeTmp\Debug\”。
  正在创建目录“cmTC_a6892.dir\Debug\cmTC_a6892.tlog\”。
InitializeBuildStatus:
  正在创建“cmTC_a6892.dir\Debug\cmTC_a6892.tlog\unsuccessfulbuild”，因为已指定“AlwaysCreate”。
ClCompile:
  C:\Program Files (x86)\Microsoft Visual Studio 14.0\VC\bin\amd64_x86\CL.exe /c /Zi /W3 /WX- /Od /Ob0 /Oy- /D WIN32 /D _WINDOWS /D _DEBUG /D TEST_KWSYS_C_HAS_SSIZE_T /D "CMAKE_INTDIR=\"Debug\"" /D _MBCS /Gm- /RTC1 /MDd /GS /fp:precise /Zc:wchar_t /Zc:forScope /Zc:inline /Fo"cmTC_a6892.dir\Debug\\" /Fd"cmTC_a6892.dir\Debug\vc140.pdb" /Gd /TC /analyze- /errorReport:queue D:\ogs\bb\External\vtk\src\vtk\Utilities\KWSys\vtksys\kwsysPlatformTestsC.c
  用于 x86 的 Microsoft (R) C/C++ 优化编译器 19.00.23918 版
  版权所有(C) Microsoft Corporation。保留所有权利。
  
  cl /c /Zi /W3 /WX- /Od /Ob0 /Oy- /D WIN32 /D _WINDOWS /D _DEBUG /D TEST_KWSYS_C_HAS_SSIZE_T /D "CMAKE_INTDIR=\"Debug\"" /D _MBCS /Gm- /RTC1 /MDd /GS /fp:precise /Zc:wchar_t /Zc:forScope /Zc:inline /Fo"cmTC_a6892.dir\Debug\\" /Fd"cmTC_a6892.dir\Debug\vc140.pdb" /Gd /TC /analyze- /errorReport:queue D:\ogs\bb\External\vtk\src\vtk\Utilities\KWSys\vtksys\kwsysPlatformTestsC.c
  kwsysPlatformTestsC.c
  
D:\ogs\bb\External\vtk\src\vtk\Utilities\KWSys\vtksys\kwsysPlatformTestsC.c(55): fatal error C1083: 无法打开包括文件: “unistd.h”: No such file or directory [D:\ogs\bb\External\vtk\src\vtk-build\Utilities\KWSys\vtksys\CMakeFiles\CMakeTmp\cmTC_a6892.vcxproj]
已完成生成项目“D:\ogs\bb\External\vtk\src\vtk-build\Utilities\KWSys\vtksys\CMakeFiles\CMakeTmp\cmTC_a6892.vcxproj”(默认目标)的操作 - 失败。

生成失败。

“D:\ogs\bb\External\vtk\src\vtk-build\Utilities\KWSys\vtksys\CMakeFiles\CMakeTmp\cmTC_a6892.vcxproj”(默认目标) (1) ->
(ClCompile 目标) -> 
  D:\ogs\bb\External\vtk\src\vtk\Utilities\KWSys\vtksys\kwsysPlatformTestsC.c(55): fatal error C1083: 无法打开包括文件: “unistd.h”: No such file or directory [D:\ogs\bb\External\vtk\src\vtk-build\Utilities\KWSys\vtksys\CMakeFiles\CMakeTmp\cmTC_a6892.vcxproj]

    0 个警告
    1 个错误

已用时间 00:00:01.00


Checking whether CXX compiler has setenv failed to compile with the following output:
Change Dir: D:/ogs/bb/External/vtk/src/vtk-build/Utilities/KWSys/vtksys/CMakeFiles/CMakeTmp

Run Build Command:"C:/Program Files (x86)/MSBuild/14.0/bin/MSBuild.exe" "cmTC_a5dd9.vcxproj" "/p:Configuration=Debug" "/p:VisualStudioVersion=14.0"
Microsoft (R) 生成引擎版本 14.0.25123.0
版权所有(C) Microsoft Corporation。保留所有权利。

生成启动时间为 2016/4/8 15:18:08。
节点 1 上的项目“D:\ogs\bb\External\vtk\src\vtk-build\Utilities\KWSys\vtksys\CMakeFiles\CMakeTmp\cmTC_a5dd9.vcxproj”(默认目标)。
PrepareForBuild:
  正在创建目录“cmTC_a5dd9.dir\Debug\”。
  正在创建目录“D:\ogs\bb\External\vtk\src\vtk-build\Utilities\KWSys\vtksys\CMakeFiles\CMakeTmp\Debug\”。
  正在创建目录“cmTC_a5dd9.dir\Debug\cmTC_a5dd9.tlog\”。
InitializeBuildStatus:
  正在创建“cmTC_a5dd9.dir\Debug\cmTC_a5dd9.tlog\unsuccessfulbuild”，因为已指定“AlwaysCreate”。
ClCompile:
  C:\Program Files (x86)\Microsoft Visual Studio 14.0\VC\bin\amd64_x86\CL.exe /c /Zi /W4 /WX- /Od /Ob0 /Oy- /D WIN32 /D _WINDOWS /D _DEBUG /D TEST_KWSYS_CXX_HAS_SETENV /D "CMAKE_INTDIR=\"Debug\"" /D _MBCS /Gm- /EHsc /RTC1 /MDd /GS /fp:precise /Zc:wchar_t /Zc:forScope /Zc:inline /GR /Fo"cmTC_a5dd9.dir\Debug\\" /Fd"cmTC_a5dd9.dir\Debug\vc140.pdb" /Gd /TP /analyze- /errorReport:queue D:\ogs\bb\External\vtk\src\vtk\Utilities\KWSys\vtksys\kwsysPlatformTestsCXX.cxx
  用于 x86 的 Microsoft (R) C/C++ 优化编译器 19.00.23918 版
  版权所有(C) Microsoft Corporation。保留所有权利。
  
  cl /c /Zi /W4 /WX- /Od /Ob0 /Oy- /D WIN32 /D _WINDOWS /D _DEBUG /D TEST_KWSYS_CXX_HAS_SETENV /D "CMAKE_INTDIR=\"Debug\"" /D _MBCS /Gm- /EHsc /RTC1 /MDd /GS /fp:precise /Zc:wchar_t /Zc:forScope /Zc:inline /GR /Fo"cmTC_a5dd9.dir\Debug\\" /Fd"cmTC_a5dd9.dir\Debug\vc140.pdb" /Gd /TP /analyze- /errorReport:queue D:\ogs\bb\External\vtk\src\vtk\Utilities\KWSys\vtksys\kwsysPlatformTestsCXX.cxx
  kwsysPlatformTestsCXX.cxx
  
D:\ogs\bb\External\vtk\src\vtk\Utilities\KWSys\vtksys\kwsysPlatformTestsCXX.cxx(433): error C3861: “setenv”: 找不到标识符 [D:\ogs\bb\External\vtk\src\vtk-build\Utilities\KWSys\vtksys\CMakeFiles\CMakeTmp\cmTC_a5dd9.vcxproj]
已完成生成项目“D:\ogs\bb\External\vtk\src\vtk-build\Utilities\KWSys\vtksys\CMakeFiles\CMakeTmp\cmTC_a5dd9.vcxproj”(默认目标)的操作 - 失败。

生成失败。

“D:\ogs\bb\External\vtk\src\vtk-build\Utilities\KWSys\vtksys\CMakeFiles\CMakeTmp\cmTC_a5dd9.vcxproj”(默认目标) (1) ->
(ClCompile 目标) -> 
  D:\ogs\bb\External\vtk\src\vtk\Utilities\KWSys\vtksys\kwsysPlatformTestsCXX.cxx(433): error C3861: “setenv”: 找不到标识符 [D:\ogs\bb\External\vtk\src\vtk-build\Utilities\KWSys\vtksys\CMakeFiles\CMakeTmp\cmTC_a5dd9.vcxproj]

    0 个警告
    1 个错误

已用时间 00:00:01.01


Checking whether CXX compiler has unsetenv failed to compile with the following output:
Change Dir: D:/ogs/bb/External/vtk/src/vtk-build/Utilities/KWSys/vtksys/CMakeFiles/CMakeTmp

Run Build Command:"C:/Program Files (x86)/MSBuild/14.0/bin/MSBuild.exe" "cmTC_6cbdc.vcxproj" "/p:Configuration=Debug" "/p:VisualStudioVersion=14.0"
Microsoft (R) 生成引擎版本 14.0.25123.0
版权所有(C) Microsoft Corporation。保留所有权利。

生成启动时间为 2016/4/8 15:18:10。
节点 1 上的项目“D:\ogs\bb\External\vtk\src\vtk-build\Utilities\KWSys\vtksys\CMakeFiles\CMakeTmp\cmTC_6cbdc.vcxproj”(默认目标)。
PrepareForBuild:
  正在创建目录“cmTC_6cbdc.dir\Debug\”。
  正在创建目录“D:\ogs\bb\External\vtk\src\vtk-build\Utilities\KWSys\vtksys\CMakeFiles\CMakeTmp\Debug\”。
  正在创建目录“cmTC_6cbdc.dir\Debug\cmTC_6cbdc.tlog\”。
InitializeBuildStatus:
  正在创建“cmTC_6cbdc.dir\Debug\cmTC_6cbdc.tlog\unsuccessfulbuild”，因为已指定“AlwaysCreate”。
ClCompile:
  C:\Program Files (x86)\Microsoft Visual Studio 14.0\VC\bin\amd64_x86\CL.exe /c /Zi /W4 /WX- /Od /Ob0 /Oy- /D WIN32 /D _WINDOWS /D _DEBUG /D TEST_KWSYS_CXX_HAS_UNSETENV /D "CMAKE_INTDIR=\"Debug\"" /D _MBCS /Gm- /EHsc /RTC1 /MDd /GS /fp:precise /Zc:wchar_t /Zc:forScope /Zc:inline /GR /Fo"cmTC_6cbdc.dir\Debug\\" /Fd"cmTC_6cbdc.dir\Debug\vc140.pdb" /Gd /TP /analyze- /errorReport:queue D:\ogs\bb\External\vtk\src\vtk\Utilities\KWSys\vtksys\kwsysPlatformTestsCXX.cxx
  用于 x86 的 Microsoft (R) C/C++ 优化编译器 19.00.23918 版
  版权所有(C) Microsoft Corporation。保留所有权利。
  
  cl /c /Zi /W4 /WX- /Od /Ob0 /Oy- /D WIN32 /D _WINDOWS /D _DEBUG /D TEST_KWSYS_CXX_HAS_UNSETENV /D "CMAKE_INTDIR=\"Debug\"" /D _MBCS /Gm- /EHsc /RTC1 /MDd /GS /fp:precise /Zc:wchar_t /Zc:forScope /Zc:inline /GR /Fo"cmTC_6cbdc.dir\Debug\\" /Fd"cmTC_6cbdc.dir\Debug\vc140.pdb" /Gd /TP /analyze- /errorReport:queue D:\ogs\bb\External\vtk\src\vtk\Utilities\KWSys\vtksys\kwsysPlatformTestsCXX.cxx
  kwsysPlatformTestsCXX.cxx
  
D:\ogs\bb\External\vtk\src\vtk\Utilities\KWSys\vtksys\kwsysPlatformTestsCXX.cxx(441): error C3861: “unsetenv”: 找不到标识符 [D:\ogs\bb\External\vtk\src\vtk-build\Utilities\KWSys\vtksys\CMakeFiles\CMakeTmp\cmTC_6cbdc.vcxproj]
已完成生成项目“D:\ogs\bb\External\vtk\src\vtk-build\Utilities\KWSys\vtksys\CMakeFiles\CMakeTmp\cmTC_6cbdc.vcxproj”(默认目标)的操作 - 失败。

生成失败。

“D:\ogs\bb\External\vtk\src\vtk-build\Utilities\KWSys\vtksys\CMakeFiles\CMakeTmp\cmTC_6cbdc.vcxproj”(默认目标) (1) ->
(ClCompile 目标) -> 
  D:\ogs\bb\External\vtk\src\vtk\Utilities\KWSys\vtksys\kwsysPlatformTestsCXX.cxx(441): error C3861: “unsetenv”: 找不到标识符 [D:\ogs\bb\External\vtk\src\vtk-build\Utilities\KWSys\vtksys\CMakeFiles\CMakeTmp\cmTC_6cbdc.vcxproj]

    0 个警告
    1 个错误

已用时间 00:00:01.00


Checking whether CXX compiler has utimes failed to compile with the following output:
Change Dir: D:/ogs/bb/External/vtk/src/vtk-build/Utilities/KWSys/vtksys/CMakeFiles/CMakeTmp

Run Build Command:"C:/Program Files (x86)/MSBuild/14.0/bin/MSBuild.exe" "cmTC_9c5ec.vcxproj" "/p:Configuration=Debug" "/p:VisualStudioVersion=14.0"
Microsoft (R) 生成引擎版本 14.0.25123.0
版权所有(C) Microsoft Corporation。保留所有权利。

生成启动时间为 2016/4/8 15:18:13。
节点 1 上的项目“D:\ogs\bb\External\vtk\src\vtk-build\Utilities\KWSys\vtksys\CMakeFiles\CMakeTmp\cmTC_9c5ec.vcxproj”(默认目标)。
PrepareForBuild:
  正在创建目录“cmTC_9c5ec.dir\Debug\”。
  正在创建目录“D:\ogs\bb\External\vtk\src\vtk-build\Utilities\KWSys\vtksys\CMakeFiles\CMakeTmp\Debug\”。
  正在创建目录“cmTC_9c5ec.dir\Debug\cmTC_9c5ec.tlog\”。
InitializeBuildStatus:
  正在创建“cmTC_9c5ec.dir\Debug\cmTC_9c5ec.tlog\unsuccessfulbuild”，因为已指定“AlwaysCreate”。
ClCompile:
  C:\Program Files (x86)\Microsoft Visual Studio 14.0\VC\bin\amd64_x86\CL.exe /c /Zi /W4 /WX- /Od /Ob0 /Oy- /D WIN32 /D _WINDOWS /D _DEBUG /D TEST_KWSYS_CXX_HAS_UTIMES /D "CMAKE_INTDIR=\"Debug\"" /D _MBCS /Gm- /EHsc /RTC1 /MDd /GS /fp:precise /Zc:wchar_t /Zc:forScope /Zc:inline /GR /Fo"cmTC_9c5ec.dir\Debug\\" /Fd"cmTC_9c5ec.dir\Debug\vc140.pdb" /Gd /TP /analyze- /errorReport:queue D:\ogs\bb\External\vtk\src\vtk\Utilities\KWSys\vtksys\kwsysPlatformTestsCXX.cxx
  用于 x86 的 Microsoft (R) C/C++ 优化编译器 19.00.23918 版
  版权所有(C) Microsoft Corporation。保留所有权利。
  
  cl /c /Zi /W4 /WX- /Od /Ob0 /Oy- /D WIN32 /D _WINDOWS /D _DEBUG /D TEST_KWSYS_CXX_HAS_UTIMES /D "CMAKE_INTDIR=\"Debug\"" /D _MBCS /Gm- /EHsc /RTC1 /MDd /GS /fp:precise /Zc:wchar_t /Zc:forScope /Zc:inline /GR /Fo"cmTC_9c5ec.dir\Debug\\" /Fd"cmTC_9c5ec.dir\Debug\vc140.pdb" /Gd /TP /analyze- /errorReport:queue D:\ogs\bb\External\vtk\src\vtk\Utilities\KWSys\vtksys\kwsysPlatformTestsCXX.cxx
  kwsysPlatformTestsCXX.cxx
  
D:\ogs\bb\External\vtk\src\vtk\Utilities\KWSys\vtksys\kwsysPlatformTestsCXX.cxx(498): fatal error C1083: 无法打开包括文件: “sys/time.h”: No such file or directory [D:\ogs\bb\External\vtk\src\vtk-build\Utilities\KWSys\vtksys\CMakeFiles\CMakeTmp\cmTC_9c5ec.vcxproj]
已完成生成项目“D:\ogs\bb\External\vtk\src\vtk-build\Utilities\KWSys\vtksys\CMakeFiles\CMakeTmp\cmTC_9c5ec.vcxproj”(默认目标)的操作 - 失败。

生成失败。

“D:\ogs\bb\External\vtk\src\vtk-build\Utilities\KWSys\vtksys\CMakeFiles\CMakeTmp\cmTC_9c5ec.vcxproj”(默认目标) (1) ->
(ClCompile 目标) -> 
  D:\ogs\bb\External\vtk\src\vtk\Utilities\KWSys\vtksys\kwsysPlatformTestsCXX.cxx(498): fatal error C1083: 无法打开包括文件: “sys/time.h”: No such file or directory [D:\ogs\bb\External\vtk\src\vtk-build\Utilities\KWSys\vtksys\CMakeFiles\CMakeTmp\cmTC_9c5ec.vcxproj]

    0 个警告
    1 个错误

已用时间 00:00:01.10


Checking whether CXX compiler has utimensat failed to compile with the following output:
Change Dir: D:/ogs/bb/External/vtk/src/vtk-build/Utilities/KWSys/vtksys/CMakeFiles/CMakeTmp

Run Build Command:"C:/Program Files (x86)/MSBuild/14.0/bin/MSBuild.exe" "cmTC_71510.vcxproj" "/p:Configuration=Debug" "/p:VisualStudioVersion=14.0"
Microsoft (R) 生成引擎版本 14.0.25123.0
版权所有(C) Microsoft Corporation。保留所有权利。

生成启动时间为 2016/4/8 15:18:15。
节点 1 上的项目“D:\ogs\bb\External\vtk\src\vtk-build\Utilities\KWSys\vtksys\CMakeFiles\CMakeTmp\cmTC_71510.vcxproj”(默认目标)。
PrepareForBuild:
  正在创建目录“cmTC_71510.dir\Debug\”。
  正在创建目录“D:\ogs\bb\External\vtk\src\vtk-build\Utilities\KWSys\vtksys\CMakeFiles\CMakeTmp\Debug\”。
  正在创建目录“cmTC_71510.dir\Debug\cmTC_71510.tlog\”。
InitializeBuildStatus:
  正在创建“cmTC_71510.dir\Debug\cmTC_71510.tlog\unsuccessfulbuild”，因为已指定“AlwaysCreate”。
ClCompile:
  C:\Program Files (x86)\Microsoft Visual Studio 14.0\VC\bin\amd64_x86\CL.exe /c /Zi /W4 /WX- /Od /Ob0 /Oy- /D WIN32 /D _WINDOWS /D _DEBUG /D TEST_KWSYS_CXX_HAS_UTIMENSAT /D "CMAKE_INTDIR=\"Debug\"" /D _MBCS /Gm- /EHsc /RTC1 /MDd /GS /fp:precise /Zc:wchar_t /Zc:forScope /Zc:inline /GR /Fo"cmTC_71510.dir\Debug\\" /Fd"cmTC_71510.dir\Debug\vc140.pdb" /Gd /TP /analyze- /errorReport:queue D:\ogs\bb\External\vtk\src\vtk\Utilities\KWSys\vtksys\kwsysPlatformTestsCXX.cxx
  用于 x86 的 Microsoft (R) C/C++ 优化编译器 19.00.23918 版
  版权所有(C) Microsoft Corporation。保留所有权利。
  
  cl /c /Zi /W4 /WX- /Od /Ob0 /Oy- /D WIN32 /D _WINDOWS /D _DEBUG /D TEST_KWSYS_CXX_HAS_UTIMENSAT /D "CMAKE_INTDIR=\"Debug\"" /D _MBCS /Gm- /EHsc /RTC1 /MDd /GS /fp:precise /Zc:wchar_t /Zc:forScope /Zc:inline /GR /Fo"cmTC_71510.dir\Debug\\" /Fd"cmTC_71510.dir\Debug\vc140.pdb" /Gd /TP /analyze- /errorReport:queue D:\ogs\bb\External\vtk\src\vtk\Utilities\KWSys\vtksys\kwsysPlatformTestsCXX.cxx
  kwsysPlatformTestsCXX.cxx
  
D:\ogs\bb\External\vtk\src\vtk\Utilities\KWSys\vtksys\kwsysPlatformTestsCXX.cxx(511): error C2065: “UTIME_OMIT”: 未声明的标识符 [D:\ogs\bb\External\vtk\src\vtk-build\Utilities\KWSys\vtksys\CMakeFiles\CMakeTmp\cmTC_71510.vcxproj]
D:\ogs\bb\External\vtk\src\vtk\Utilities\KWSys\vtksys\kwsysPlatformTestsCXX.cxx(511): error C2065: “UTIME_NOW”: 未声明的标识符 [D:\ogs\bb\External\vtk\src\vtk-build\Utilities\KWSys\vtksys\CMakeFiles\CMakeTmp\cmTC_71510.vcxproj]
D:\ogs\bb\External\vtk\src\vtk\Utilities\KWSys\vtksys\kwsysPlatformTestsCXX.cxx(511): error C2079: “times”使用未定义的 struct“times” [D:\ogs\bb\External\vtk\src\vtk-build\Utilities\KWSys\vtksys\CMakeFiles\CMakeTmp\cmTC_71510.vcxproj]
D:\ogs\bb\External\vtk\src\vtk\Utilities\KWSys\vtksys\kwsysPlatformTestsCXX.cxx(511): error C2078: 初始值设定项太多 [D:\ogs\bb\External\vtk\src\vtk-build\Utilities\KWSys\vtksys\CMakeFiles\CMakeTmp\cmTC_71510.vcxproj]
D:\ogs\bb\External\vtk\src\vtk\Utilities\KWSys\vtksys\kwsysPlatformTestsCXX.cxx(512): error C2065: “AT_FDCWD”: 未声明的标识符 [D:\ogs\bb\External\vtk\src\vtk-build\Utilities\KWSys\vtksys\CMakeFiles\CMakeTmp\cmTC_71510.vcxproj]
D:\ogs\bb\External\vtk\src\vtk\Utilities\KWSys\vtksys\kwsysPlatformTestsCXX.cxx(512): error C2065: “AT_SYMLINK_NOFOLLOW”: 未声明的标识符 [D:\ogs\bb\External\vtk\src\vtk-build\Utilities\KWSys\vtksys\CMakeFiles\CMakeTmp\cmTC_71510.vcxproj]
D:\ogs\bb\External\vtk\src\vtk\Utilities\KWSys\vtksys\kwsysPlatformTestsCXX.cxx(512): error C3861: “utimensat”: 找不到标识符 [D:\ogs\bb\External\vtk\src\vtk-build\Utilities\KWSys\vtksys\CMakeFiles\CMakeTmp\cmTC_71510.vcxproj]
已完成生成项目“D:\ogs\bb\External\vtk\src\vtk-build\Utilities\KWSys\vtksys\CMakeFiles\CMakeTmp\cmTC_71510.vcxproj”(默认目标)的操作 - 失败。

生成失败。

“D:\ogs\bb\External\vtk\src\vtk-build\Utilities\KWSys\vtksys\CMakeFiles\CMakeTmp\cmTC_71510.vcxproj”(默认目标) (1) ->
(ClCompile 目标) -> 
  D:\ogs\bb\External\vtk\src\vtk\Utilities\KWSys\vtksys\kwsysPlatformTestsCXX.cxx(511): error C2065: “UTIME_OMIT”: 未声明的标识符 [D:\ogs\bb\External\vtk\src\vtk-build\Utilities\KWSys\vtksys\CMakeFiles\CMakeTmp\cmTC_71510.vcxproj]
  D:\ogs\bb\External\vtk\src\vtk\Utilities\KWSys\vtksys\kwsysPlatformTestsCXX.cxx(511): error C2065: “UTIME_NOW”: 未声明的标识符 [D:\ogs\bb\External\vtk\src\vtk-build\Utilities\KWSys\vtksys\CMakeFiles\CMakeTmp\cmTC_71510.vcxproj]
  D:\ogs\bb\External\vtk\src\vtk\Utilities\KWSys\vtksys\kwsysPlatformTestsCXX.cxx(511): error C2079: “times”使用未定义的 struct“times” [D:\ogs\bb\External\vtk\src\vtk-build\Utilities\KWSys\vtksys\CMakeFiles\CMakeTmp\cmTC_71510.vcxproj]
  D:\ogs\bb\External\vtk\src\vtk\Utilities\KWSys\vtksys\kwsysPlatformTestsCXX.cxx(511): error C2078: 初始值设定项太多 [D:\ogs\bb\External\vtk\src\vtk-build\Utilities\KWSys\vtksys\CMakeFiles\CMakeTmp\cmTC_71510.vcxproj]
  D:\ogs\bb\External\vtk\src\vtk\Utilities\KWSys\vtksys\kwsysPlatformTestsCXX.cxx(512): error C2065: “AT_FDCWD”: 未声明的标识符 [D:\ogs\bb\External\vtk\src\vtk-build\Utilities\KWSys\vtksys\CMakeFiles\CMakeTmp\cmTC_71510.vcxproj]
  D:\ogs\bb\External\vtk\src\vtk\Utilities\KWSys\vtksys\kwsysPlatformTestsCXX.cxx(512): error C2065: “AT_SYMLINK_NOFOLLOW”: 未声明的标识符 [D:\ogs\bb\External\vtk\src\vtk-build\Utilities\KWSys\vtksys\CMakeFiles\CMakeTmp\cmTC_71510.vcxproj]
  D:\ogs\bb\External\vtk\src\vtk\Utilities\KWSys\vtksys\kwsysPlatformTestsCXX.cxx(512): error C3861: “utimensat”: 找不到标识符 [D:\ogs\bb\External\vtk\src\vtk-build\Utilities\KWSys\vtksys\CMakeFiles\CMakeTmp\cmTC_71510.vcxproj]

    0 个警告
    7 个错误

已用时间 00:00:01.00


Determining if files sys/types.h;ifaddrs.h exist failed with the following output:
Change Dir: D:/ogs/bb/External/vtk/src/vtk-build/CMakeFiles/CMakeTmp

Run Build Command:"C:/Program Files (x86)/MSBuild/14.0/bin/MSBuild.exe" "cmTC_0e635.vcxproj" "/p:Configuration=Debug" "/p:VisualStudioVersion=14.0"
Microsoft (R) 生成引擎版本 14.0.25123.0
版权所有(C) Microsoft Corporation。保留所有权利。

生成启动时间为 2016/4/8 15:18:16。
节点 1 上的项目“D:\ogs\bb\External\vtk\src\vtk-build\CMakeFiles\CMakeTmp\cmTC_0e635.vcxproj”(默认目标)。
PrepareForBuild:
  正在创建目录“cmTC_0e635.dir\Debug\”。
  正在创建目录“D:\ogs\bb\External\vtk\src\vtk-build\CMakeFiles\CMakeTmp\Debug\”。
  正在创建目录“cmTC_0e635.dir\Debug\cmTC_0e635.tlog\”。
InitializeBuildStatus:
  正在创建“cmTC_0e635.dir\Debug\cmTC_0e635.tlog\unsuccessfulbuild”，因为已指定“AlwaysCreate”。
ClCompile:
  C:\Program Files (x86)\Microsoft Visual Studio 14.0\VC\bin\amd64_x86\CL.exe /c /Zi /W3 /WX- /Od /Ob0 /Oy- /D WIN32 /D _WINDOWS /D _DEBUG /D "CMAKE_INTDIR=\"Debug\"" /D _MBCS /Gm- /RTC1 /MDd /GS /fp:precise /Zc:wchar_t /Zc:forScope /Zc:inline /Fo"cmTC_0e635.dir\Debug\\" /Fd"cmTC_0e635.dir\Debug\vc140.pdb" /Gd /TC /analyze- /errorReport:queue "D:\ogs\bb\External\vtk\src\vtk-build\CMakeFiles\CMakeTmp\CheckIncludeFiles.c"
  用于 x86 的 Microsoft (R) C/C++ 优化编译器 19.00.23918 版
  版权所有(C) Microsoft Corporation。保留所有权利。
  
  cl /c /Zi /W3 /WX- /Od /Ob0 /Oy- /D WIN32 /D _WINDOWS /D _DEBUG /D "CMAKE_INTDIR=\"Debug\"" /D _MBCS /Gm- /RTC1 /MDd /GS /fp:precise /Zc:wchar_t /Zc:forScope /Zc:inline /Fo"cmTC_0e635.dir\Debug\\" /Fd"cmTC_0e635.dir\Debug\vc140.pdb" /Gd /TC /analyze- /errorReport:queue "D:\ogs\bb\External\vtk\src\vtk-build\CMakeFiles\CMakeTmp\CheckIncludeFiles.c"
  
  CheckIncludeFiles.c
D:\ogs\bb\External\vtk\src\vtk-build\CMakeFiles\CMakeTmp\CheckIncludeFiles.c(3): fatal error C1083: 无法打开包括文件: “ifaddrs.h”: No such file or directory [D:\ogs\bb\External\vtk\src\vtk-build\CMakeFiles\CMakeTmp\cmTC_0e635.vcxproj]
已完成生成项目“D:\ogs\bb\External\vtk\src\vtk-build\CMakeFiles\CMakeTmp\cmTC_0e635.vcxproj”(默认目标)的操作 - 失败。

生成失败。

“D:\ogs\bb\External\vtk\src\vtk-build\CMakeFiles\CMakeTmp\cmTC_0e635.vcxproj”(默认目标) (1) ->
(ClCompile 目标) -> 
  D:\ogs\bb\External\vtk\src\vtk-build\CMakeFiles\CMakeTmp\CheckIncludeFiles.c(3): fatal error C1083: 无法打开包括文件: “ifaddrs.h”: No such file or directory [D:\ogs\bb\External\vtk\src\vtk-build\CMakeFiles\CMakeTmp\cmTC_0e635.vcxproj]

    0 个警告
    1 个错误

已用时间 00:00:01.26

Source:
/* */
#include <sys/types.h>
#include <ifaddrs.h>


int main(void){return 0;}

Checking whether CXX compiler has rlimit64 failed to compile with the following output:
Change Dir: D:/ogs/bb/External/vtk/src/vtk-build/Utilities/KWSys/vtksys/CMakeFiles/CMakeTmp

Run Build Command:"C:/Program Files (x86)/MSBuild/14.0/bin/MSBuild.exe" "cmTC_5305d.vcxproj" "/p:Configuration=Debug" "/p:VisualStudioVersion=14.0"
Microsoft (R) 生成引擎版本 14.0.25123.0
版权所有(C) Microsoft Corporation。保留所有权利。

生成启动时间为 2016/4/8 15:18:20。
节点 1 上的项目“D:\ogs\bb\External\vtk\src\vtk-build\Utilities\KWSys\vtksys\CMakeFiles\CMakeTmp\cmTC_5305d.vcxproj”(默认目标)。
PrepareForBuild:
  正在创建目录“cmTC_5305d.dir\Debug\”。
  正在创建目录“D:\ogs\bb\External\vtk\src\vtk-build\Utilities\KWSys\vtksys\CMakeFiles\CMakeTmp\Debug\”。
  正在创建目录“cmTC_5305d.dir\Debug\cmTC_5305d.tlog\”。
InitializeBuildStatus:
  正在创建“cmTC_5305d.dir\Debug\cmTC_5305d.tlog\unsuccessfulbuild”，因为已指定“AlwaysCreate”。
ClCompile:
  C:\Program Files (x86)\Microsoft Visual Studio 14.0\VC\bin\amd64_x86\CL.exe /c /Zi /W4 /WX- /Od /Ob0 /Oy- /D WIN32 /D _WINDOWS /D _DEBUG /D TEST_KWSYS_CXX_HAS_RLIMIT64 /D "CMAKE_INTDIR=\"Debug\"" /D _MBCS /Gm- /EHsc /RTC1 /MDd /GS /fp:precise /Zc:wchar_t /Zc:forScope /Zc:inline /GR /Fo"cmTC_5305d.dir\Debug\\" /Fd"cmTC_5305d.dir\Debug\vc140.pdb" /Gd /TP /analyze- /errorReport:queue D:\ogs\bb\External\vtk\src\vtk\Utilities\KWSys\vtksys\kwsysPlatformTestsCXX.cxx
  用于 x86 的 Microsoft (R) C/C++ 优化编译器 19.00.23918 版
  版权所有(C) Microsoft Corporation。保留所有权利。
  
  cl /c /Zi /W4 /WX- /Od /Ob0 /Oy- /D WIN32 /D _WINDOWS /D _DEBUG /D TEST_KWSYS_CXX_HAS_RLIMIT64 /D "CMAKE_INTDIR=\"Debug\"" /D _MBCS /Gm- /EHsc /RTC1 /MDd /GS /fp:precise /Zc:wchar_t /Zc:forScope /Zc:inline /GR /Fo"cmTC_5305d.dir\Debug\\" /Fd"cmTC_5305d.dir\Debug\vc140.pdb" /Gd /TP /analyze- /errorReport:queue D:\ogs\bb\External\vtk\src\vtk\Utilities\KWSys\vtksys\kwsysPlatformTestsCXX.cxx
  kwsysPlatformTestsCXX.cxx
  
D:\ogs\bb\External\vtk\src\vtk\Utilities\KWSys\vtksys\kwsysPlatformTestsCXX.cxx(462): fatal error C1083: 无法打开包括文件: “sys/resource.h”: No such file or directory [D:\ogs\bb\External\vtk\src\vtk-build\Utilities\KWSys\vtksys\CMakeFiles\CMakeTmp\cmTC_5305d.vcxproj]
已完成生成项目“D:\ogs\bb\External\vtk\src\vtk-build\Utilities\KWSys\vtksys\CMakeFiles\CMakeTmp\cmTC_5305d.vcxproj”(默认目标)的操作 - 失败。

生成失败。

“D:\ogs\bb\External\vtk\src\vtk-build\Utilities\KWSys\vtksys\CMakeFiles\CMakeTmp\cmTC_5305d.vcxproj”(默认目标) (1) ->
(ClCompile 目标) -> 
  D:\ogs\bb\External\vtk\src\vtk\Utilities\KWSys\vtksys\kwsysPlatformTestsCXX.cxx(462): fatal error C1083: 无法打开包括文件: “sys/resource.h”: No such file or directory [D:\ogs\bb\External\vtk\src\vtk-build\Utilities\KWSys\vtksys\CMakeFiles\CMakeTmp\cmTC_5305d.vcxproj]

    0 个警告
    1 个错误

已用时间 00:00:01.06


Determining if the finite exist failed with the following output:
Change Dir: D:/ogs/bb/External/vtk/src/vtk-build/CMakeFiles/CMakeTmp

Run Build Command:"C:/Program Files (x86)/MSBuild/14.0/bin/MSBuild.exe" "cmTC_f59fa.vcxproj" "/p:Configuration=Debug" "/p:VisualStudioVersion=14.0"
Microsoft (R) 生成引擎版本 14.0.25123.0
版权所有(C) Microsoft Corporation。保留所有权利。

生成启动时间为 2016/4/8 15:18:41。
节点 1 上的项目“D:\ogs\bb\External\vtk\src\vtk-build\CMakeFiles\CMakeTmp\cmTC_f59fa.vcxproj”(默认目标)。
PrepareForBuild:
  正在创建目录“cmTC_f59fa.dir\Debug\”。
  正在创建目录“D:\ogs\bb\External\vtk\src\vtk-build\CMakeFiles\CMakeTmp\Debug\”。
  正在创建目录“cmTC_f59fa.dir\Debug\cmTC_f59fa.tlog\”。
InitializeBuildStatus:
  正在创建“cmTC_f59fa.dir\Debug\cmTC_f59fa.tlog\unsuccessfulbuild”，因为已指定“AlwaysCreate”。
ClCompile:
  C:\Program Files (x86)\Microsoft Visual Studio 14.0\VC\bin\amd64_x86\CL.exe /c /Zi /W3 /WX- /Od /Ob0 /Oy- /D WIN32 /D _WINDOWS /D _DEBUG /D "CMAKE_INTDIR=\"Debug\"" /D _MBCS /Gm- /RTC1 /MDd /GS /fp:precise /Zc:wchar_t /Zc:forScope /Zc:inline /Fo"cmTC_f59fa.dir\Debug\\" /Fd"cmTC_f59fa.dir\Debug\vc140.pdb" /Gd /TC /analyze- /errorReport:queue "D:\ogs\bb\External\vtk\src\vtk-build\CMakeFiles\CMakeTmp\CheckSymbolExists.c"
  用于 x86 的 Microsoft (R) C/C++ 优化编译器 19.00.23918 版
  版权所有(C) Microsoft Corporation。保留所有权利。
  
  cl /c /Zi /W3 /WX- /Od /Ob0 /Oy- /D WIN32 /D _WINDOWS /D _DEBUG /D "CMAKE_INTDIR=\"Debug\"" /D _MBCS /Gm- /RTC1 /MDd /GS /fp:precise /Zc:wchar_t /Zc:forScope /Zc:inline /Fo"cmTC_f59fa.dir\Debug\\" /Fd"cmTC_f59fa.dir\Debug\vc140.pdb" /Gd /TC /analyze- /errorReport:queue "D:\ogs\bb\External\vtk\src\vtk-build\CMakeFiles\CMakeTmp\CheckSymbolExists.c"
  CheckSymbolExists.c
  
D:\ogs\bb\External\vtk\src\vtk-build\CMakeFiles\CMakeTmp\CheckSymbolExists.c(8): error C2065: “finite”: 未声明的标识符 [D:\ogs\bb\External\vtk\src\vtk-build\CMakeFiles\CMakeTmp\cmTC_f59fa.vcxproj]
已完成生成项目“D:\ogs\bb\External\vtk\src\vtk-build\CMakeFiles\CMakeTmp\cmTC_f59fa.vcxproj”(默认目标)的操作 - 失败。

生成失败。

“D:\ogs\bb\External\vtk\src\vtk-build\CMakeFiles\CMakeTmp\cmTC_f59fa.vcxproj”(默认目标) (1) ->
(ClCompile 目标) -> 
  D:\ogs\bb\External\vtk\src\vtk-build\CMakeFiles\CMakeTmp\CheckSymbolExists.c(8): error C2065: “finite”: 未声明的标识符 [D:\ogs\bb\External\vtk\src\vtk-build\CMakeFiles\CMakeTmp\cmTC_f59fa.vcxproj]

    0 个警告
    1 个错误

已用时间 00:00:01.00

File D:/ogs/bb/External/vtk/src/vtk-build/CMakeFiles/CMakeTmp/CheckSymbolExists.c:
/* */
#include <math.h>

int main(int argc, char** argv)
{
  (void)argv;
#ifndef finite
  return ((int*)(&finite))[argc];
#else
  (void)argc;
  return 0;
#endif
}

Determining if the feenableexcept exist failed with the following output:
Change Dir: D:/ogs/bb/External/vtk/src/vtk-build/CMakeFiles/CMakeTmp

Run Build Command:"C:/Program Files (x86)/MSBuild/14.0/bin/MSBuild.exe" "cmTC_1c34d.vcxproj" "/p:Configuration=Debug" "/p:VisualStudioVersion=14.0"
Microsoft (R) 生成引擎版本 14.0.25123.0
版权所有(C) Microsoft Corporation。保留所有权利。

生成启动时间为 2016/4/8 15:18:45。
节点 1 上的项目“D:\ogs\bb\External\vtk\src\vtk-build\CMakeFiles\CMakeTmp\cmTC_1c34d.vcxproj”(默认目标)。
PrepareForBuild:
  正在创建目录“cmTC_1c34d.dir\Debug\”。
  正在创建目录“D:\ogs\bb\External\vtk\src\vtk-build\CMakeFiles\CMakeTmp\Debug\”。
  正在创建目录“cmTC_1c34d.dir\Debug\cmTC_1c34d.tlog\”。
InitializeBuildStatus:
  正在创建“cmTC_1c34d.dir\Debug\cmTC_1c34d.tlog\unsuccessfulbuild”，因为已指定“AlwaysCreate”。
ClCompile:
  C:\Program Files (x86)\Microsoft Visual Studio 14.0\VC\bin\amd64_x86\CL.exe /c /Zi /W3 /WX- /Od /Ob0 /Oy- /D WIN32 /D _WINDOWS /D _DEBUG /D _GNU_SOURCE /D "CMAKE_INTDIR=\"Debug\"" /D _MBCS /Gm- /RTC1 /MDd /GS /fp:precise /Zc:wchar_t /Zc:forScope /Zc:inline /Fo"cmTC_1c34d.dir\Debug\\" /Fd"cmTC_1c34d.dir\Debug\vc140.pdb" /Gd /TC /analyze- /errorReport:queue "D:\ogs\bb\External\vtk\src\vtk-build\CMakeFiles\CMakeTmp\CheckSymbolExists.c"
  用于 x86 的 Microsoft (R) C/C++ 优化编译器 19.00.23918 版
  版权所有(C) Microsoft Corporation。保留所有权利。
  
  CheckSymbolExists.c
  cl /c /Zi /W3 /WX- /Od /Ob0 /Oy- /D WIN32 /D _WINDOWS /D _DEBUG /D _GNU_SOURCE /D "CMAKE_INTDIR=\"Debug\"" /D _MBCS /Gm- /RTC1 /MDd /GS /fp:precise /Zc:wchar_t /Zc:forScope /Zc:inline /Fo"cmTC_1c34d.dir\Debug\\" /Fd"cmTC_1c34d.dir\Debug\vc140.pdb" /Gd /TC /analyze- /errorReport:queue "D:\ogs\bb\External\vtk\src\vtk-build\CMakeFiles\CMakeTmp\CheckSymbolExists.c"
  
D:\ogs\bb\External\vtk\src\vtk-build\CMakeFiles\CMakeTmp\CheckSymbolExists.c(8): error C2065: “feenableexcept”: 未声明的标识符 [D:\ogs\bb\External\vtk\src\vtk-build\CMakeFiles\CMakeTmp\cmTC_1c34d.vcxproj]
已完成生成项目“D:\ogs\bb\External\vtk\src\vtk-build\CMakeFiles\CMakeTmp\cmTC_1c34d.vcxproj”(默认目标)的操作 - 失败。

生成失败。

“D:\ogs\bb\External\vtk\src\vtk-build\CMakeFiles\CMakeTmp\cmTC_1c34d.vcxproj”(默认目标) (1) ->
(ClCompile 目标) -> 
  D:\ogs\bb\External\vtk\src\vtk-build\CMakeFiles\CMakeTmp\CheckSymbolExists.c(8): error C2065: “feenableexcept”: 未声明的标识符 [D:\ogs\bb\External\vtk\src\vtk-build\CMakeFiles\CMakeTmp\cmTC_1c34d.vcxproj]

    0 个警告
    1 个错误

已用时间 00:00:01.00

File D:/ogs/bb/External/vtk/src/vtk-build/CMakeFiles/CMakeTmp/CheckSymbolExists.c:
/* */
#include <fenv.h>

int main(int argc, char** argv)
{
  (void)argv;
#ifndef feenableexcept
  return ((int*)(&feenableexcept))[argc];
#else
  (void)argc;
  return 0;
#endif
}

Performing C++ SOURCE FILE Test COMPILER_HAS_DEPRECATED_ATTR failed with the following output:
Change Dir: D:/ogs/bb/External/vtk/src/vtk-build/CMakeFiles/CMakeTmp

Run Build Command:"C:/Program Files (x86)/MSBuild/14.0/bin/MSBuild.exe" "cmTC_df949.vcxproj" "/p:Configuration=Debug" "/p:VisualStudioVersion=14.0"
Microsoft (R) 生成引擎版本 14.0.25123.0
版权所有(C) Microsoft Corporation。保留所有权利。

生成启动时间为 2016/4/8 15:18:46。
节点 1 上的项目“D:\ogs\bb\External\vtk\src\vtk-build\CMakeFiles\CMakeTmp\cmTC_df949.vcxproj”(默认目标)。
PrepareForBuild:
  正在创建目录“cmTC_df949.dir\Debug\”。
  正在创建目录“D:\ogs\bb\External\vtk\src\vtk-build\CMakeFiles\CMakeTmp\Debug\”。
  正在创建目录“cmTC_df949.dir\Debug\cmTC_df949.tlog\”。
InitializeBuildStatus:
  正在创建“cmTC_df949.dir\Debug\cmTC_df949.tlog\unsuccessfulbuild”，因为已指定“AlwaysCreate”。
ClCompile:
  C:\Program Files (x86)\Microsoft Visual Studio 14.0\VC\bin\amd64_x86\CL.exe /c /Zi /W4 /WX- /Od /Ob0 /Oy- /D WIN32 /D _WINDOWS /D COMPILER_HAS_DEPRECATED_ATTR /D _DEBUG /D _GNU_SOURCE /D "CMAKE_INTDIR=\"Debug\"" /D _MBCS /Gm- /EHsc /RTC1 /MDd /GS /fp:precise /Zc:wchar_t /Zc:forScope /Zc:inline /GR /Fo"cmTC_df949.dir\Debug\\" /Fd"cmTC_df949.dir\Debug\vc140.pdb" /Gd /TP /analyze- /errorReport:queue "D:\ogs\bb\External\vtk\src\vtk-build\CMakeFiles\CMakeTmp\src.cxx"
  用于 x86 的 Microsoft (R) C/C++ 优化编译器 19.00.23918 版
  版权所有(C) Microsoft Corporation。保留所有权利。
  
  cl /c /Zi /W4 /WX- /Od /Ob0 /Oy- /D WIN32 /D _WINDOWS /D COMPILER_HAS_DEPRECATED_ATTR /D _DEBUG /D _GNU_SOURCE /D "CMAKE_INTDIR=\"Debug\"" /D _MBCS /Gm- /EHsc /RTC1 /MDd /GS /fp:precise /Zc:wchar_t /Zc:forScope /Zc:inline /GR /Fo"cmTC_df949.dir\Debug\\" /Fd"cmTC_df949.dir\Debug\vc140.pdb" /Gd /TP /analyze- /errorReport:queue "D:\ogs\bb\External\vtk\src\vtk-build\CMakeFiles\CMakeTmp\src.cxx"
  src.cxx
  
D:\ogs\bb\External\vtk\src\vtk-build\CMakeFiles\CMakeTmp\src.cxx(1): error C2065: “__deprecated__”: 未声明的标识符 [D:\ogs\bb\External\vtk\src\vtk-build\CMakeFiles\CMakeTmp\cmTC_df949.vcxproj]
D:\ogs\bb\External\vtk\src\vtk-build\CMakeFiles\CMakeTmp\src.cxx(1): error C4430: 缺少类型说明符 - 假定为 int。注意: C++ 不支持默认 int [D:\ogs\bb\External\vtk\src\vtk-build\CMakeFiles\CMakeTmp\cmTC_df949.vcxproj]
D:\ogs\bb\External\vtk\src\vtk-build\CMakeFiles\CMakeTmp\src.cxx(1): error C2448: “__attribute__”: 函数样式初始值设定项类似函数定义 [D:\ogs\bb\External\vtk\src\vtk-build\CMakeFiles\CMakeTmp\cmTC_df949.vcxproj]
已完成生成项目“D:\ogs\bb\External\vtk\src\vtk-build\CMakeFiles\CMakeTmp\cmTC_df949.vcxproj”(默认目标)的操作 - 失败。

生成失败。

“D:\ogs\bb\External\vtk\src\vtk-build\CMakeFiles\CMakeTmp\cmTC_df949.vcxproj”(默认目标) (1) ->
(ClCompile 目标) -> 
  D:\ogs\bb\External\vtk\src\vtk-build\CMakeFiles\CMakeTmp\src.cxx(1): error C2065: “__deprecated__”: 未声明的标识符 [D:\ogs\bb\External\vtk\src\vtk-build\CMakeFiles\CMakeTmp\cmTC_df949.vcxproj]
  D:\ogs\bb\External\vtk\src\vtk-build\CMakeFiles\CMakeTmp\src.cxx(1): error C4430: 缺少类型说明符 - 假定为 int。注意: C++ 不支持默认 int [D:\ogs\bb\External\vtk\src\vtk-build\CMakeFiles\CMakeTmp\cmTC_df949.vcxproj]
  D:\ogs\bb\External\vtk\src\vtk-build\CMakeFiles\CMakeTmp\src.cxx(1): error C2448: “__attribute__”: 函数样式初始值设定项类似函数定义 [D:\ogs\bb\External\vtk\src\vtk-build\CMakeFiles\CMakeTmp\cmTC_df949.vcxproj]

    0 个警告
    3 个错误

已用时间 00:00:01.11

Source file was:
__attribute__((__deprecated__)) int somefunc() { return 0; }
    int main() { return somefunc();}
